{"E:\\project-code\\social_network\\social-network-backend\\src\\graphql\\resolvers\\auth.resolvers.ts": {"path":"E:\\project-code\\social_network\\social-network-backend\\src\\graphql\\resolvers\\auth.resolvers.ts","statementMap":{"0":{"start":{"line":4,"column":0},"end":{"line":4,"column":62}},"1":{"start":{"line":5,"column":0},"end":{"line":5,"column":44}},"2":{"start":{"line":6,"column":0},"end":{"line":6,"column":67}},"3":{"start":{"line":8,"column":20},"end":{"line":8,"column":37}},"4":{"start":{"line":10,"column":13},"end":{"line":52,"column":2}},"5":{"start":{"line":17,"column":27},"end":{"line":22,"column":null}},"6":{"start":{"line":24,"column":12},"end":{"line":27,"column":15}},"7":{"start":{"line":35,"column":27},"end":{"line":35,"column":90}},"8":{"start":{"line":36,"column":12},"end":{"line":39,"column":15}},"9":{"start":{"line":47,"column":12},"end":{"line":47,"column":50}},"10":{"start":{"line":48,"column":12},"end":{"line":48,"column":63}}},"fnMap":{"0":{"name":"(anonymous_0)","decl":{"start":{"line":12,"column":8},"end":{"line":12,"column":13}},"loc":{"start":{"line":16,"column":12},"end":{"line":28,"column":9}}},"1":{"name":"(anonymous_1)","decl":{"start":{"line":34,"column":8},"end":{"line":34,"column":13}},"loc":{"start":{"line":34,"column":82},"end":{"line":40,"column":9}}},"2":{"name":"(anonymous_2)","decl":{"start":{"line":46,"column":8},"end":{"line":46,"column":13}},"loc":{"start":{"line":46,"column":48},"end":{"line":49,"column":9}}}},"branchMap":{},"s":{"0":1,"1":1,"2":1,"3":1,"4":1,"5":2,"6":1,"7":2,"8":1,"9":2,"10":1},"f":{"0":2,"1":2,"2":2},"b":{}}
,"E:\\project-code\\social_network\\social-network-backend\\src\\graphql\\resolvers\\profile.resolvers.ts": {"path":"E:\\project-code\\social_network\\social-network-backend\\src\\graphql\\resolvers\\profile.resolvers.ts","statementMap":{"0":{"start":{"line":4,"column":0},"end":{"line":4,"column":71}},"1":{"start":{"line":5,"column":0},"end":{"line":5,"column":44}},"2":{"start":{"line":6,"column":0},"end":{"line":6,"column":54}},"3":{"start":{"line":7,"column":0},"end":{"line":7,"column":67}},"4":{"start":{"line":9,"column":23},"end":{"line":9,"column":43}},"5":{"start":{"line":11,"column":13},"end":{"line":49,"column":2}},"6":{"start":{"line":14,"column":27},"end":{"line":14,"column":86}},"7":{"start":{"line":16,"column":32},"end":{"line":22,"column":14}},"8":{"start":{"line":24,"column":12},"end":{"line":26,"column":15}},"9":{"start":{"line":34,"column":27},"end":{"line":34,"column":86}},"10":{"start":{"line":36,"column":32},"end":{"line":39,"column":null}},"11":{"start":{"line":42,"column":12},"end":{"line":44,"column":15}}},"fnMap":{"0":{"name":"(anonymous_0)","decl":{"start":{"line":13,"column":8},"end":{"line":13,"column":13}},"loc":{"start":{"line":13,"column":50},"end":{"line":27,"column":9}}},"1":{"name":"(anonymous_1)","decl":{"start":{"line":33,"column":8},"end":{"line":33,"column":13}},"loc":{"start":{"line":33,"column":50},"end":{"line":45,"column":9}}}},"branchMap":{},"s":{"0":1,"1":1,"2":1,"3":1,"4":1,"5":1,"6":3,"7":2,"8":1,"9":3,"10":2,"11":1},"f":{"0":3,"1":3},"b":{}}
,"E:\\project-code\\social_network\\social-network-backend\\src\\graphql\\resolvers\\user.queries.ts": {"path":"E:\\project-code\\social_network\\social-network-backend\\src\\graphql\\resolvers\\user.queries.ts","statementMap":{"0":{"start":{"line":4,"column":0},"end":{"line":4,"column":38}},"1":{"start":{"line":5,"column":0},"end":{"line":5,"column":44}},"2":{"start":{"line":6,"column":0},"end":{"line":6,"column":54}},"3":{"start":{"line":8,"column":13},"end":{"line":22,"column":2}},"4":{"start":{"line":9,"column":18},"end":{"line":9,"column":20}},"5":{"start":{"line":12,"column":23},"end":{"line":12,"column":85}},"6":{"start":{"line":14,"column":21},"end":{"line":14,"column":76}},"7":{"start":{"line":16,"column":8},"end":{"line":18,"column":9}},"8":{"start":{"line":17,"column":12},"end":{"line":17,"column":47}},"9":{"start":{"line":20,"column":8},"end":{"line":20,"column":29}}},"fnMap":{"0":{"name":"(anonymous_1)","decl":{"start":{"line":9,"column":12},"end":{"line":9,"column":15}},"loc":{"start":{"line":9,"column":18},"end":{"line":9,"column":20}}},"1":{"name":"(anonymous_2)","decl":{"start":{"line":11,"column":8},"end":{"line":11,"column":13}},"loc":{"start":{"line":11,"column":48},"end":{"line":21,"column":5}}}},"branchMap":{"0":{"loc":{"start":{"line":16,"column":8},"end":{"line":18,"column":9}},"type":"if","locations":[{"start":{"line":16,"column":8},"end":{"line":18,"column":9}},{"start":{},"end":{}}]}},"s":{"0":1,"1":1,"2":1,"3":1,"4":1,"5":3,"6":2,"7":2,"8":1,"9":1},"f":{"0":1,"1":3},"b":{"0":[1,1]}}
,"E:\\project-code\\social_network\\social-network-backend\\src\\graphql\\resolvers\\helpers\\mapUser.ts": {"path":"E:\\project-code\\social_network\\social-network-backend\\src\\graphql\\resolvers\\helpers\\mapUser.ts","statementMap":{"0":{"start":{"line":4,"column":0},"end":{"line":4,"column":16}},"1":{"start":{"line":14,"column":4},"end":{"line":23,"column":6}}},"fnMap":{"0":{"name":"mapUser","decl":{"start":{"line":4,"column":16},"end":{"line":4,"column":23}},"loc":{"start":{"line":13,"column":1},"end":{"line":24,"column":1}}}},"branchMap":{},"s":{"0":3,"1":5},"f":{"0":5},"b":{}}
,"E:\\project-code\\social_network\\social-network-backend\\src\\graphql\\resolvers\\helpers\\response.ts": {"path":"E:\\project-code\\social_network\\social-network-backend\\src\\graphql\\resolvers\\helpers\\response.ts","statementMap":{"0":{"start":{"line":6,"column":0},"end":{"line":6,"column":16}},"1":{"start":{"line":10,"column":0},"end":{"line":10,"column":16}},"2":{"start":{"line":25,"column":0},"end":{"line":25,"column":16}},"3":{"start":{"line":7,"column":4},"end":{"line":7,"column":48}},"4":{"start":{"line":11,"column":4},"end":{"line":11,"column":49}},"5":{"start":{"line":30,"column":4},"end":{"line":36,"column":6}},"6":{"start":{"line":31,"column":8},"end":{"line":35,"column":9}},"7":{"start":{"line":32,"column":12},"end":{"line":32,"column":43}},"8":{"start":{"line":34,"column":12},"end":{"line":34,"column":84}}},"fnMap":{"0":{"name":"successResponse","decl":{"start":{"line":6,"column":16},"end":{"line":6,"column":31}},"loc":{"start":{"line":6,"column":75},"end":{"line":8,"column":1}}},"1":{"name":"errorResponse","decl":{"start":{"line":10,"column":16},"end":{"line":10,"column":29}},"loc":{"start":{"line":10,"column":73},"end":{"line":12,"column":1}}},"2":{"name":"withTryCatch","decl":{"start":{"line":25,"column":16},"end":{"line":25,"column":28}},"loc":{"start":{"line":28,"column":40},"end":{"line":37,"column":1}}},"3":{"name":"(anonymous_3)","decl":{"start":{"line":30,"column":11},"end":{"line":30,"column":16}},"loc":{"start":{"line":30,"column":69},"end":{"line":36,"column":5}}}},"branchMap":{"0":{"loc":{"start":{"line":6,"column":49},"end":{"line":6,"column":75}},"type":"default-arg","locations":[{"start":{"line":6,"column":73},"end":{"line":6,"column":75}}]},"1":{"loc":{"start":{"line":10,"column":47},"end":{"line":10,"column":73}},"type":"default-arg","locations":[{"start":{"line":10,"column":71},"end":{"line":10,"column":73}}]},"2":{"loc":{"start":{"line":28,"column":4},"end":{"line":28,"column":40}},"type":"default-arg","locations":[{"start":{"line":28,"column":38},"end":{"line":28,"column":40}}]},"3":{"loc":{"start":{"line":34,"column":33},"end":{"line":34,"column":65}},"type":"binary-expr","locations":[{"start":{"line":34,"column":33},"end":{"line":34,"column":46}},{"start":{"line":34,"column":50},"end":{"line":34,"column":65}}]}},"s":{"0":2,"1":2,"2":2,"3":5,"4":7,"5":5,"6":12,"7":12,"8":7},"f":{"0":5,"1":7,"2":5,"3":12},"b":{"0":[1],"1":[0],"2":[1],"3":[7,0]}}
,"E:\\project-code\\social_network\\social-network-backend\\src\\graphql\\resolvers\\try-catch\\requireAuth.ts": {"path":"E:\\project-code\\social_network\\social-network-backend\\src\\graphql\\resolvers\\try-catch\\requireAuth.ts","statementMap":{"0":{"start":{"line":4,"column":0},"end":{"line":4,"column":16}},"1":{"start":{"line":8,"column":4},"end":{"line":10,"column":5}},"2":{"start":{"line":9,"column":8},"end":{"line":9,"column":33}},"3":{"start":{"line":11,"column":4},"end":{"line":11,"column":31}}},"fnMap":{"0":{"name":"requireAuth","decl":{"start":{"line":4,"column":16},"end":{"line":4,"column":27}},"loc":{"start":{"line":6,"column":50},"end":{"line":12,"column":1}}}},"branchMap":{"0":{"loc":{"start":{"line":6,"column":4},"end":{"line":6,"column":50}},"type":"default-arg","locations":[{"start":{"line":6,"column":22},"end":{"line":6,"column":50}}]},"1":{"loc":{"start":{"line":8,"column":4},"end":{"line":10,"column":5}},"type":"if","locations":[{"start":{"line":8,"column":4},"end":{"line":10,"column":5}},{"start":{},"end":{}}]}},"s":{"0":2,"1":9,"2":3,"3":6},"f":{"0":9},"b":{"0":[0],"1":[3,6]}}
,"E:\\project-code\\social_network\\social-network-backend\\src\\modules\\auth\\auth.service.ts": {"path":"E:\\project-code\\social_network\\social-network-backend\\src\\modules\\auth\\auth.service.ts","statementMap":{"0":{"start":{"line":2,"column":0},"end":{"line":2,"column":38}},"1":{"start":{"line":3,"column":0},"end":{"line":3,"column":30}},"2":{"start":{"line":4,"column":0},"end":{"line":4,"column":31}},"3":{"start":{"line":14,"column":25},"end":{"line":16,"column":6}},"4":{"start":{"line":17,"column":4},"end":{"line":19,"column":5}},"5":{"start":{"line":18,"column":6},"end":{"line":18,"column":64}},"6":{"start":{"line":21,"column":27},"end":{"line":21,"column":58}},"7":{"start":{"line":23,"column":17},"end":{"line":25,"column":6}},"8":{"start":{"line":27,"column":18},"end":{"line":30,"column":null}},"9":{"start":{"line":33,"column":4},"end":{"line":38,"column":7}},"10":{"start":{"line":40,"column":4},"end":{"line":40,"column":27}},"11":{"start":{"line":44,"column":17},"end":{"line":44,"column":67}},"12":{"start":{"line":46,"column":4},"end":{"line":48,"column":5}},"13":{"start":{"line":47,"column":6},"end":{"line":47,"column":55}},"14":{"start":{"line":50,"column":28},"end":{"line":50,"column":73}},"15":{"start":{"line":51,"column":4},"end":{"line":53,"column":5}},"16":{"start":{"line":52,"column":6},"end":{"line":52,"column":46}},"17":{"start":{"line":55,"column":18},"end":{"line":58,"column":null}},"18":{"start":{"line":61,"column":4},"end":{"line":67,"column":7}},"19":{"start":{"line":69,"column":4},"end":{"line":69,"column":27}},"20":{"start":{"line":73,"column":4},"end":{"line":77,"column":7}},"21":{"start":{"line":78,"column":4},"end":{"line":78,"column":29}},"22":{"start":{"line":6,"column":0},"end":{"line":6,"column":13}}},"fnMap":{"0":{"name":"(anonymous_1)","decl":{"start":{"line":7,"column":2},"end":{"line":7,"column":7}},"loc":{"start":{"line":12,"column":17},"end":{"line":41,"column":3}}},"1":{"name":"(anonymous_2)","decl":{"start":{"line":43,"column":2},"end":{"line":43,"column":7}},"loc":{"start":{"line":43,"column":60},"end":{"line":70,"column":3}}},"2":{"name":"(anonymous_3)","decl":{"start":{"line":72,"column":2},"end":{"line":72,"column":7}},"loc":{"start":{"line":72,"column":28},"end":{"line":79,"column":3}}}},"branchMap":{"0":{"loc":{"start":{"line":17,"column":4},"end":{"line":19,"column":5}},"type":"if","locations":[{"start":{"line":17,"column":4},"end":{"line":19,"column":5}},{"start":{},"end":{}}]},"1":{"loc":{"start":{"line":29,"column":6},"end":{"line":29,"column":40}},"type":"binary-expr","locations":[{"start":{"line":29,"column":6},"end":{"line":29,"column":28}},{"start":{"line":29,"column":32},"end":{"line":29,"column":40}}]},"2":{"loc":{"start":{"line":46,"column":4},"end":{"line":48,"column":5}},"type":"if","locations":[{"start":{"line":46,"column":4},"end":{"line":48,"column":5}},{"start":{},"end":{}}]},"3":{"loc":{"start":{"line":51,"column":4},"end":{"line":53,"column":5}},"type":"if","locations":[{"start":{"line":51,"column":4},"end":{"line":53,"column":5}},{"start":{},"end":{}}]},"4":{"loc":{"start":{"line":57,"column":6},"end":{"line":57,"column":40}},"type":"binary-expr","locations":[{"start":{"line":57,"column":6},"end":{"line":57,"column":28}},{"start":{"line":57,"column":32},"end":{"line":57,"column":40}}]}},"s":{"0":1,"1":1,"2":1,"3":2,"4":2,"5":1,"6":1,"7":1,"8":1,"9":1,"10":1,"11":3,"12":3,"13":1,"14":2,"15":2,"16":1,"17":1,"18":1,"19":1,"20":1,"21":1,"22":1},"f":{"0":2,"1":3,"2":1},"b":{"0":[1,1],"1":[1,1],"2":[1,2],"3":[1,1],"4":[1,1]}}
,"E:\\project-code\\social_network\\social-network-backend\\src\\modules\\profile\\profile.service.ts": {"path":"E:\\project-code\\social_network\\social-network-backend\\src\\modules\\profile\\profile.service.ts","statementMap":{"0":{"start":{"line":1,"column":0},"end":{"line":1,"column":38}},"1":{"start":{"line":2,"column":0},"end":{"line":2,"column":30}},"2":{"start":{"line":16,"column":17},"end":{"line":18,"column":6}},"3":{"start":{"line":20,"column":4},"end":{"line":22,"column":5}},"4":{"start":{"line":21,"column":6},"end":{"line":21,"column":41}},"5":{"start":{"line":25,"column":4},"end":{"line":32,"column":5}},"6":{"start":{"line":26,"column":28},"end":{"line":28,"column":8}},"7":{"start":{"line":29,"column":6},"end":{"line":31,"column":7}},"8":{"start":{"line":30,"column":8},"end":{"line":30,"column":56}},"9":{"start":{"line":34,"column":4},"end":{"line":41,"column":5}},"10":{"start":{"line":35,"column":31},"end":{"line":37,"column":8}},"11":{"start":{"line":38,"column":6},"end":{"line":40,"column":7}},"12":{"start":{"line":39,"column":8},"end":{"line":39,"column":61}},"13":{"start":{"line":44,"column":24},"end":{"line":53,"column":6}},"14":{"start":{"line":55,"column":4},"end":{"line":55,"column":23}},"15":{"start":{"line":60,"column":17},"end":{"line":62,"column":6}},"16":{"start":{"line":64,"column":4},"end":{"line":66,"column":5}},"17":{"start":{"line":65,"column":6},"end":{"line":65,"column":41}},"18":{"start":{"line":69,"column":28},"end":{"line":69,"column":76}},"19":{"start":{"line":70,"column":4},"end":{"line":72,"column":5}},"20":{"start":{"line":71,"column":6},"end":{"line":71,"column":51}},"21":{"start":{"line":75,"column":27},"end":{"line":75,"column":61}},"22":{"start":{"line":78,"column":24},"end":{"line":83,"column":6}},"23":{"start":{"line":85,"column":4},"end":{"line":85,"column":23}},"24":{"start":{"line":4,"column":0},"end":{"line":4,"column":13}}},"fnMap":{"0":{"name":"(anonymous_1)","decl":{"start":{"line":5,"column":2},"end":{"line":5,"column":7}},"loc":{"start":{"line":13,"column":5},"end":{"line":56,"column":3}}},"1":{"name":"(anonymous_2)","decl":{"start":{"line":58,"column":2},"end":{"line":58,"column":7}},"loc":{"start":{"line":58,"column":79},"end":{"line":86,"column":3}}}},"branchMap":{"0":{"loc":{"start":{"line":20,"column":4},"end":{"line":22,"column":5}},"type":"if","locations":[{"start":{"line":20,"column":4},"end":{"line":22,"column":5}},{"start":{},"end":{}}]},"1":{"loc":{"start":{"line":25,"column":4},"end":{"line":32,"column":5}},"type":"if","locations":[{"start":{"line":25,"column":4},"end":{"line":32,"column":5}},{"start":{},"end":{}}]},"2":{"loc":{"start":{"line":25,"column":8},"end":{"line":25,"column":47}},"type":"binary-expr","locations":[{"start":{"line":25,"column":8},"end":{"line":25,"column":18}},{"start":{"line":25,"column":22},"end":{"line":25,"column":47}}]},"3":{"loc":{"start":{"line":29,"column":6},"end":{"line":31,"column":7}},"type":"if","locations":[{"start":{"line":29,"column":6},"end":{"line":31,"column":7}},{"start":{},"end":{}}]},"4":{"loc":{"start":{"line":34,"column":4},"end":{"line":41,"column":5}},"type":"if","locations":[{"start":{"line":34,"column":4},"end":{"line":41,"column":5}},{"start":{},"end":{}}]},"5":{"loc":{"start":{"line":34,"column":8},"end":{"line":34,"column":56}},"type":"binary-expr","locations":[{"start":{"line":34,"column":8},"end":{"line":34,"column":21}},{"start":{"line":34,"column":25},"end":{"line":34,"column":56}}]},"6":{"loc":{"start":{"line":38,"column":6},"end":{"line":40,"column":7}},"type":"if","locations":[{"start":{"line":38,"column":6},"end":{"line":40,"column":7}},{"start":{},"end":{}}]},"7":{"loc":{"start":{"line":47,"column":18},"end":{"line":47,"column":48}},"type":"binary-expr","locations":[{"start":{"line":47,"column":18},"end":{"line":47,"column":31}},{"start":{"line":47,"column":35},"end":{"line":47,"column":48}}]},"8":{"loc":{"start":{"line":48,"column":18},"end":{"line":48,"column":48}},"type":"binary-expr","locations":[{"start":{"line":48,"column":18},"end":{"line":48,"column":31}},{"start":{"line":48,"column":35},"end":{"line":48,"column":48}}]},"9":{"loc":{"start":{"line":49,"column":15},"end":{"line":49,"column":39}},"type":"binary-expr","locations":[{"start":{"line":49,"column":15},"end":{"line":49,"column":25}},{"start":{"line":49,"column":29},"end":{"line":49,"column":39}}]},"10":{"loc":{"start":{"line":50,"column":13},"end":{"line":50,"column":33}},"type":"binary-expr","locations":[{"start":{"line":50,"column":13},"end":{"line":50,"column":21}},{"start":{"line":50,"column":25},"end":{"line":50,"column":33}}]},"11":{"loc":{"start":{"line":51,"column":16},"end":{"line":51,"column":42}},"type":"binary-expr","locations":[{"start":{"line":51,"column":16},"end":{"line":51,"column":27}},{"start":{"line":51,"column":31},"end":{"line":51,"column":42}}]},"12":{"loc":{"start":{"line":64,"column":4},"end":{"line":66,"column":5}},"type":"if","locations":[{"start":{"line":64,"column":4},"end":{"line":66,"column":5}},{"start":{},"end":{}}]},"13":{"loc":{"start":{"line":70,"column":4},"end":{"line":72,"column":5}},"type":"if","locations":[{"start":{"line":70,"column":4},"end":{"line":72,"column":5}},{"start":{},"end":{}}]}},"s":{"0":1,"1":1,"2":5,"3":5,"4":1,"5":4,"6":1,"7":1,"8":1,"9":3,"10":1,"11":1,"12":1,"13":2,"14":2,"15":3,"16":3,"17":1,"18":2,"19":2,"20":1,"21":1,"22":1,"23":1,"24":1},"f":{"0":5,"1":3},"b":{"0":[1,4],"1":[1,3],"2":[4,2],"3":[1,0],"4":[1,2],"5":[3,2],"6":[1,0],"7":[2,1],"8":[2,1],"9":[2,1],"10":[2,1],"11":[2,2],"12":[1,2],"13":[1,1]}}
,"E:\\project-code\\social_network\\social-network-backend\\src\\modules\\user\\user.service.ts": {"path":"E:\\project-code\\social_network\\social-network-backend\\src\\modules\\user\\user.service.ts","statementMap":{"0":{"start":{"line":2,"column":0},"end":{"line":2,"column":38}},"1":{"start":{"line":3,"column":0},"end":{"line":3,"column":30}},"2":{"start":{"line":4,"column":0},"end":{"line":4,"column":31}},"3":{"start":{"line":14,"column":25},"end":{"line":16,"column":6}},"4":{"start":{"line":17,"column":4},"end":{"line":19,"column":5}},"5":{"start":{"line":18,"column":6},"end":{"line":18,"column":64}},"6":{"start":{"line":21,"column":27},"end":{"line":21,"column":58}},"7":{"start":{"line":23,"column":17},"end":{"line":25,"column":6}},"8":{"start":{"line":27,"column":18},"end":{"line":30,"column":null}},"9":{"start":{"line":33,"column":4},"end":{"line":38,"column":7}},"10":{"start":{"line":40,"column":4},"end":{"line":40,"column":27}},"11":{"start":{"line":44,"column":17},"end":{"line":44,"column":67}},"12":{"start":{"line":46,"column":4},"end":{"line":48,"column":5}},"13":{"start":{"line":47,"column":6},"end":{"line":47,"column":55}},"14":{"start":{"line":50,"column":28},"end":{"line":50,"column":73}},"15":{"start":{"line":51,"column":4},"end":{"line":53,"column":5}},"16":{"start":{"line":52,"column":6},"end":{"line":52,"column":46}},"17":{"start":{"line":55,"column":18},"end":{"line":58,"column":null}},"18":{"start":{"line":61,"column":4},"end":{"line":67,"column":7}},"19":{"start":{"line":69,"column":4},"end":{"line":69,"column":27}},"20":{"start":{"line":73,"column":4},"end":{"line":77,"column":7}},"21":{"start":{"line":78,"column":4},"end":{"line":78,"column":29}},"22":{"start":{"line":91,"column":17},"end":{"line":93,"column":6}},"23":{"start":{"line":95,"column":4},"end":{"line":97,"column":5}},"24":{"start":{"line":96,"column":6},"end":{"line":96,"column":41}},"25":{"start":{"line":100,"column":4},"end":{"line":107,"column":5}},"26":{"start":{"line":101,"column":28},"end":{"line":103,"column":8}},"27":{"start":{"line":104,"column":6},"end":{"line":106,"column":7}},"28":{"start":{"line":105,"column":8},"end":{"line":105,"column":56}},"29":{"start":{"line":109,"column":4},"end":{"line":116,"column":5}},"30":{"start":{"line":110,"column":31},"end":{"line":112,"column":8}},"31":{"start":{"line":113,"column":6},"end":{"line":115,"column":7}},"32":{"start":{"line":114,"column":8},"end":{"line":114,"column":61}},"33":{"start":{"line":119,"column":24},"end":{"line":128,"column":6}},"34":{"start":{"line":130,"column":4},"end":{"line":130,"column":23}},"35":{"start":{"line":136,"column":17},"end":{"line":138,"column":6}},"36":{"start":{"line":140,"column":4},"end":{"line":142,"column":5}},"37":{"start":{"line":141,"column":6},"end":{"line":141,"column":41}},"38":{"start":{"line":145,"column":28},"end":{"line":145,"column":76}},"39":{"start":{"line":146,"column":4},"end":{"line":148,"column":5}},"40":{"start":{"line":147,"column":6},"end":{"line":147,"column":51}},"41":{"start":{"line":151,"column":27},"end":{"line":151,"column":61}},"42":{"start":{"line":154,"column":24},"end":{"line":159,"column":6}},"43":{"start":{"line":161,"column":4},"end":{"line":161,"column":23}},"44":{"start":{"line":6,"column":0},"end":{"line":6,"column":13}}},"fnMap":{"0":{"name":"(anonymous_1)","decl":{"start":{"line":7,"column":2},"end":{"line":7,"column":7}},"loc":{"start":{"line":12,"column":17},"end":{"line":41,"column":3}}},"1":{"name":"(anonymous_2)","decl":{"start":{"line":43,"column":2},"end":{"line":43,"column":7}},"loc":{"start":{"line":43,"column":60},"end":{"line":70,"column":3}}},"2":{"name":"(anonymous_3)","decl":{"start":{"line":72,"column":2},"end":{"line":72,"column":7}},"loc":{"start":{"line":72,"column":28},"end":{"line":79,"column":3}}},"3":{"name":"(anonymous_4)","decl":{"start":{"line":80,"column":2},"end":{"line":80,"column":7}},"loc":{"start":{"line":88,"column":5},"end":{"line":131,"column":3}}},"4":{"name":"(anonymous_5)","decl":{"start":{"line":134,"column":2},"end":{"line":134,"column":7}},"loc":{"start":{"line":134,"column":79},"end":{"line":162,"column":3}}}},"branchMap":{"0":{"loc":{"start":{"line":17,"column":4},"end":{"line":19,"column":5}},"type":"if","locations":[{"start":{"line":17,"column":4},"end":{"line":19,"column":5}},{"start":{},"end":{}}]},"1":{"loc":{"start":{"line":29,"column":6},"end":{"line":29,"column":40}},"type":"binary-expr","locations":[{"start":{"line":29,"column":6},"end":{"line":29,"column":28}},{"start":{"line":29,"column":32},"end":{"line":29,"column":40}}]},"2":{"loc":{"start":{"line":46,"column":4},"end":{"line":48,"column":5}},"type":"if","locations":[{"start":{"line":46,"column":4},"end":{"line":48,"column":5}},{"start":{},"end":{}}]},"3":{"loc":{"start":{"line":51,"column":4},"end":{"line":53,"column":5}},"type":"if","locations":[{"start":{"line":51,"column":4},"end":{"line":53,"column":5}},{"start":{},"end":{}}]},"4":{"loc":{"start":{"line":57,"column":6},"end":{"line":57,"column":40}},"type":"binary-expr","locations":[{"start":{"line":57,"column":6},"end":{"line":57,"column":28}},{"start":{"line":57,"column":32},"end":{"line":57,"column":40}}]},"5":{"loc":{"start":{"line":95,"column":4},"end":{"line":97,"column":5}},"type":"if","locations":[{"start":{"line":95,"column":4},"end":{"line":97,"column":5}},{"start":{},"end":{}}]},"6":{"loc":{"start":{"line":100,"column":4},"end":{"line":107,"column":5}},"type":"if","locations":[{"start":{"line":100,"column":4},"end":{"line":107,"column":5}},{"start":{},"end":{}}]},"7":{"loc":{"start":{"line":100,"column":8},"end":{"line":100,"column":47}},"type":"binary-expr","locations":[{"start":{"line":100,"column":8},"end":{"line":100,"column":18}},{"start":{"line":100,"column":22},"end":{"line":100,"column":47}}]},"8":{"loc":{"start":{"line":104,"column":6},"end":{"line":106,"column":7}},"type":"if","locations":[{"start":{"line":104,"column":6},"end":{"line":106,"column":7}},{"start":{},"end":{}}]},"9":{"loc":{"start":{"line":109,"column":4},"end":{"line":116,"column":5}},"type":"if","locations":[{"start":{"line":109,"column":4},"end":{"line":116,"column":5}},{"start":{},"end":{}}]},"10":{"loc":{"start":{"line":109,"column":8},"end":{"line":109,"column":56}},"type":"binary-expr","locations":[{"start":{"line":109,"column":8},"end":{"line":109,"column":21}},{"start":{"line":109,"column":25},"end":{"line":109,"column":56}}]},"11":{"loc":{"start":{"line":113,"column":6},"end":{"line":115,"column":7}},"type":"if","locations":[{"start":{"line":113,"column":6},"end":{"line":115,"column":7}},{"start":{},"end":{}}]},"12":{"loc":{"start":{"line":122,"column":18},"end":{"line":122,"column":48}},"type":"binary-expr","locations":[{"start":{"line":122,"column":18},"end":{"line":122,"column":31}},{"start":{"line":122,"column":35},"end":{"line":122,"column":48}}]},"13":{"loc":{"start":{"line":123,"column":18},"end":{"line":123,"column":48}},"type":"binary-expr","locations":[{"start":{"line":123,"column":18},"end":{"line":123,"column":31}},{"start":{"line":123,"column":35},"end":{"line":123,"column":48}}]},"14":{"loc":{"start":{"line":124,"column":15},"end":{"line":124,"column":39}},"type":"binary-expr","locations":[{"start":{"line":124,"column":15},"end":{"line":124,"column":25}},{"start":{"line":124,"column":29},"end":{"line":124,"column":39}}]},"15":{"loc":{"start":{"line":125,"column":13},"end":{"line":125,"column":33}},"type":"binary-expr","locations":[{"start":{"line":125,"column":13},"end":{"line":125,"column":21}},{"start":{"line":125,"column":25},"end":{"line":125,"column":33}}]},"16":{"loc":{"start":{"line":126,"column":16},"end":{"line":126,"column":42}},"type":"binary-expr","locations":[{"start":{"line":126,"column":16},"end":{"line":126,"column":27}},{"start":{"line":126,"column":31},"end":{"line":126,"column":42}}]},"17":{"loc":{"start":{"line":140,"column":4},"end":{"line":142,"column":5}},"type":"if","locations":[{"start":{"line":140,"column":4},"end":{"line":142,"column":5}},{"start":{},"end":{}}]},"18":{"loc":{"start":{"line":146,"column":4},"end":{"line":148,"column":5}},"type":"if","locations":[{"start":{"line":146,"column":4},"end":{"line":148,"column":5}},{"start":{},"end":{}}]}},"s":{"0":1,"1":1,"2":1,"3":2,"4":2,"5":1,"6":1,"7":1,"8":1,"9":1,"10":1,"11":3,"12":3,"13":1,"14":2,"15":2,"16":1,"17":1,"18":1,"19":1,"20":1,"21":1,"22":0,"23":0,"24":0,"25":0,"26":0,"27":0,"28":0,"29":0,"30":0,"31":0,"32":0,"33":0,"34":0,"35":0,"36":0,"37":0,"38":0,"39":0,"40":0,"41":0,"42":0,"43":0,"44":1},"f":{"0":2,"1":3,"2":1,"3":0,"4":0},"b":{"0":[1,1],"1":[1,1],"2":[1,2],"3":[1,1],"4":[1,1],"5":[0,0],"6":[0,0],"7":[0,0],"8":[0,0],"9":[0,0],"10":[0,0],"11":[0,0],"12":[0,0],"13":[0,0],"14":[0,0],"15":[0,0],"16":[0,0],"17":[0,0],"18":[0,0]}}
}
