{"E:\\project-code\\social_network\\social-network-backend\\src\\env.ts": {"path":"E:\\project-code\\social_network\\social-network-backend\\src\\env.ts","statementMap":{"0":{"start":{"line":1,"column":0},"end":{"line":1,"column":28}},"1":{"start":{"line":2,"column":0},"end":{"line":2,"column":16}}},"fnMap":{},"branchMap":{},"s":{"0":0,"1":0},"f":{},"b":{}}
,"E:\\project-code\\social_network\\social-network-backend\\src\\seed.ts": {"path":"E:\\project-code\\social_network\\social-network-backend\\src\\seed.ts","statementMap":{"0":{"start":{"line":1,"column":0},"end":{"line":1,"column":46}},"1":{"start":{"line":2,"column":0},"end":{"line":2,"column":46}},"2":{"start":{"line":3,"column":0},"end":{"line":3,"column":26}},"3":{"start":{"line":4,"column":0},"end":{"line":4,"column":40}},"4":{"start":{"line":6,"column":0},"end":{"line":6,"column":28}},"5":{"start":{"line":7,"column":0},"end":{"line":7,"column":35}},"6":{"start":{"line":9,"column":0},"end":{"line":9,"column":16}},"7":{"start":{"line":12,"column":13},"end":{"line":14,"column":2}},"8":{"start":{"line":15,"column":16},"end":{"line":15,"column":34}},"9":{"start":{"line":16,"column":15},"end":{"line":16,"column":44}},"10":{"start":{"line":19,"column":2},"end":{"line":19,"column":36}},"11":{"start":{"line":21,"column":21},"end":{"line":21,"column":25}},"12":{"start":{"line":22,"column":26},"end":{"line":22,"column":57}},"13":{"start":{"line":24,"column":16},"end":{"line":24,"column":18}},"14":{"start":{"line":25,"column":2},"end":{"line":44,"column":3}},"15":{"start":{"line":25,"column":15},"end":{"line":25,"column":16}},"16":{"start":{"line":26,"column":22},"end":{"line":26,"column":46}},"17":{"start":{"line":27,"column":21},"end":{"line":27,"column":44}},"18":{"start":{"line":28,"column":21},"end":{"line":31,"column":35}},"19":{"start":{"line":32,"column":27},"end":{"line":32,"column":81}},"20":{"start":{"line":34,"column":4},"end":{"line":43,"column":7}},"21":{"start":{"line":46,"column":2},"end":{"line":49,"column":5}},"22":{"start":{"line":51,"column":2},"end":{"line":51,"column":65}},"23":{"start":{"line":54,"column":0},"end":{"line":61,"column":5}},"24":{"start":{"line":56,"column":4},"end":{"line":56,"column":42}},"25":{"start":{"line":57,"column":4},"end":{"line":57,"column":20}},"26":{"start":{"line":60,"column":4},"end":{"line":60,"column":31}}},"fnMap":{"0":{"name":"main","decl":{"start":{"line":18,"column":15},"end":{"line":18,"column":19}},"loc":{"start":{"line":18,"column":19},"end":{"line":52,"column":1}}},"1":{"name":"(anonymous_8)","decl":{"start":{"line":55,"column":9},"end":{"line":55,"column":10}},"loc":{"start":{"line":55,"column":15},"end":{"line":58,"column":3}}},"2":{"name":"(anonymous_9)","decl":{"start":{"line":59,"column":11},"end":{"line":59,"column":16}},"loc":{"start":{"line":59,"column":22},"end":{"line":61,"column":3}}}},"branchMap":{},"s":{"0":0,"1":0,"2":0,"3":0,"4":0,"5":0,"6":0,"7":0,"8":0,"9":0,"10":0,"11":0,"12":0,"13":0,"14":0,"15":0,"16":0,"17":0,"18":0,"19":0,"20":0,"21":0,"22":0,"23":0,"24":0,"25":0,"26":0},"f":{"0":0,"1":0,"2":0},"b":{}}
,"E:\\project-code\\social_network\\social-network-backend\\src\\graphql\\resolvers\\auth.resolvers.ts": {"path":"E:\\project-code\\social_network\\social-network-backend\\src\\graphql\\resolvers\\auth.resolvers.ts","statementMap":{"0":{"start":{"line":3,"column":0},"end":{"line":3,"column":44}},"1":{"start":{"line":4,"column":0},"end":{"line":4,"column":62}},"2":{"start":{"line":5,"column":0},"end":{"line":5,"column":67}},"3":{"start":{"line":7,"column":20},"end":{"line":7,"column":37}},"4":{"start":{"line":9,"column":13},"end":{"line":67,"column":2}},"5":{"start":{"line":16,"column":27},"end":{"line":21,"column":null}},"6":{"start":{"line":23,"column":12},"end":{"line":26,"column":15}},"7":{"start":{"line":34,"column":27},"end":{"line":34,"column":90}},"8":{"start":{"line":35,"column":12},"end":{"line":38,"column":15}},"9":{"start":{"line":46,"column":12},"end":{"line":46,"column":50}},"10":{"start":{"line":47,"column":12},"end":{"line":47,"column":63}},"11":{"start":{"line":54,"column":12},"end":{"line":54,"column":58}},"12":{"start":{"line":55,"column":12},"end":{"line":55,"column":94}},"13":{"start":{"line":62,"column":12},"end":{"line":62,"column":64}},"14":{"start":{"line":63,"column":12},"end":{"line":63,"column":69}}},"fnMap":{"0":{"name":"(anonymous_0)","decl":{"start":{"line":11,"column":8},"end":{"line":11,"column":13}},"loc":{"start":{"line":15,"column":12},"end":{"line":27,"column":9}}},"1":{"name":"(anonymous_1)","decl":{"start":{"line":33,"column":8},"end":{"line":33,"column":13}},"loc":{"start":{"line":33,"column":82},"end":{"line":39,"column":9}}},"2":{"name":"(anonymous_2)","decl":{"start":{"line":45,"column":8},"end":{"line":45,"column":13}},"loc":{"start":{"line":45,"column":48},"end":{"line":48,"column":9}}},"3":{"name":"(anonymous_3)","decl":{"start":{"line":53,"column":8},"end":{"line":53,"column":13}},"loc":{"start":{"line":53,"column":55},"end":{"line":56,"column":9}}},"4":{"name":"(anonymous_4)","decl":{"start":{"line":61,"column":8},"end":{"line":61,"column":13}},"loc":{"start":{"line":61,"column":89},"end":{"line":64,"column":9}}}},"branchMap":{},"s":{"0":0,"1":0,"2":0,"3":0,"4":0,"5":0,"6":0,"7":0,"8":0,"9":0,"10":0,"11":0,"12":0,"13":0,"14":0},"f":{"0":0,"1":0,"2":0,"3":0,"4":0},"b":{}}
,"E:\\project-code\\social_network\\social-network-backend\\src\\graphql\\resolvers\\post.resolvers.ts": {"path":"E:\\project-code\\social_network\\social-network-backend\\src\\graphql\\resolvers\\post.resolvers.ts","statementMap":{"0":{"start":{"line":1,"column":0},"end":{"line":1,"column":38}},"1":{"start":{"line":2,"column":0},"end":{"line":2,"column":44}},"2":{"start":{"line":3,"column":0},"end":{"line":3,"column":50}},"3":{"start":{"line":4,"column":0},"end":{"line":4,"column":54}},"4":{"start":{"line":6,"column":13},"end":{"line":279,"column":2}},"5":{"start":{"line":9,"column":25},"end":{"line":27,"column":14}},"6":{"start":{"line":29,"column":12},"end":{"line":29,"column":56}},"7":{"start":{"line":29,"column":23},"end":{"line":29,"column":56}},"8":{"start":{"line":30,"column":12},"end":{"line":30,"column":36}},"9":{"start":{"line":34,"column":26},"end":{"line":49,"column":14}},"10":{"start":{"line":51,"column":12},"end":{"line":51,"column":57}},"11":{"start":{"line":51,"column":39},"end":{"line":51,"column":55}},"12":{"start":{"line":55,"column":27},"end":{"line":55,"column":55}},"13":{"start":{"line":57,"column":26},"end":{"line":72,"column":14}},"14":{"start":{"line":74,"column":12},"end":{"line":74,"column":65}},"15":{"start":{"line":74,"column":39},"end":{"line":74,"column":63}},"16":{"start":{"line":80,"column":27},"end":{"line":80,"column":47}},"17":{"start":{"line":82,"column":25},"end":{"line":94,"column":14}},"18":{"start":{"line":96,"column":12},"end":{"line":100,"column":14}},"19":{"start":{"line":104,"column":27},"end":{"line":104,"column":47}},"20":{"start":{"line":106,"column":25},"end":{"line":106,"column":80}},"21":{"start":{"line":107,"column":12},"end":{"line":107,"column":56}},"22":{"start":{"line":107,"column":23},"end":{"line":107,"column":56}},"23":{"start":{"line":108,"column":12},"end":{"line":108,"column":95}},"24":{"start":{"line":108,"column":40},"end":{"line":108,"column":95}},"25":{"start":{"line":110,"column":32},"end":{"line":123,"column":14}},"26":{"start":{"line":125,"column":12},"end":{"line":129,"column":14}},"27":{"start":{"line":133,"column":27},"end":{"line":133,"column":47}},"28":{"start":{"line":135,"column":25},"end":{"line":135,"column":80}},"29":{"start":{"line":136,"column":12},"end":{"line":136,"column":56}},"30":{"start":{"line":136,"column":23},"end":{"line":136,"column":56}},"31":{"start":{"line":137,"column":12},"end":{"line":137,"column":92}},"32":{"start":{"line":137,"column":40},"end":{"line":137,"column":92}},"33":{"start":{"line":139,"column":12},"end":{"line":139,"column":64}},"34":{"start":{"line":141,"column":12},"end":{"line":144,"column":14}},"35":{"start":{"line":148,"column":27},"end":{"line":148,"column":47}},"36":{"start":{"line":150,"column":33},"end":{"line":152,"column":14}},"37":{"start":{"line":154,"column":12},"end":{"line":156,"column":13}},"38":{"start":{"line":155,"column":16},"end":{"line":155,"column":105}},"39":{"start":{"line":158,"column":12},"end":{"line":158,"column":67}},"40":{"start":{"line":160,"column":12},"end":{"line":160,"column":87}},"41":{"start":{"line":164,"column":27},"end":{"line":164,"column":47}},"42":{"start":{"line":166,"column":25},"end":{"line":168,"column":14}},"43":{"start":{"line":170,"column":12},"end":{"line":172,"column":13}},"44":{"start":{"line":171,"column":16},"end":{"line":171,"column":101}},"45":{"start":{"line":174,"column":12},"end":{"line":174,"column":65}},"46":{"start":{"line":176,"column":12},"end":{"line":176,"column":86}},"47":{"start":{"line":180,"column":27},"end":{"line":180,"column":47}},"48":{"start":{"line":182,"column":25},"end":{"line":182,"column":80}},"49":{"start":{"line":183,"column":12},"end":{"line":183,"column":56}},"50":{"start":{"line":183,"column":23},"end":{"line":183,"column":56}},"51":{"start":{"line":185,"column":28},"end":{"line":191,"column":14}},"52":{"start":{"line":193,"column":12},"end":{"line":203,"column":14}},"53":{"start":{"line":200,"column":63},"end":{"line":200,"column":85}},"54":{"start":{"line":207,"column":27},"end":{"line":207,"column":47}},"55":{"start":{"line":209,"column":34},"end":{"line":209,"column":95}},"56":{"start":{"line":210,"column":12},"end":{"line":210,"column":67}},"57":{"start":{"line":210,"column":32},"end":{"line":210,"column":67}},"58":{"start":{"line":212,"column":26},"end":{"line":218,"column":14}},"59":{"start":{"line":220,"column":12},"end":{"line":230,"column":14}},"60":{"start":{"line":227,"column":61},"end":{"line":227,"column":83}},"61":{"start":{"line":234,"column":27},"end":{"line":234,"column":47}},"62":{"start":{"line":236,"column":28},"end":{"line":236,"column":89}},"63":{"start":{"line":237,"column":12},"end":{"line":237,"column":61}},"64":{"start":{"line":237,"column":26},"end":{"line":237,"column":61}},"65":{"start":{"line":238,"column":12},"end":{"line":238,"column":97}},"66":{"start":{"line":238,"column":43},"end":{"line":238,"column":97}},"67":{"start":{"line":240,"column":12},"end":{"line":240,"column":70}},"68":{"start":{"line":242,"column":12},"end":{"line":242,"column":73}},"69":{"start":{"line":246,"column":27},"end":{"line":246,"column":47}},"70":{"start":{"line":248,"column":33},"end":{"line":250,"column":14}},"71":{"start":{"line":252,"column":12},"end":{"line":254,"column":13}},"72":{"start":{"line":253,"column":16},"end":{"line":253,"column":107}},"73":{"start":{"line":256,"column":12},"end":{"line":258,"column":15}},"74":{"start":{"line":260,"column":12},"end":{"line":260,"column":89}},"75":{"start":{"line":264,"column":27},"end":{"line":264,"column":47}},"76":{"start":{"line":266,"column":25},"end":{"line":268,"column":14}},"77":{"start":{"line":270,"column":12},"end":{"line":272,"column":13}},"78":{"start":{"line":271,"column":16},"end":{"line":271,"column":103}},"79":{"start":{"line":274,"column":12},"end":{"line":274,"column":72}},"80":{"start":{"line":276,"column":12},"end":{"line":276,"column":88}}},"fnMap":{"0":{"name":"(anonymous_1)","decl":{"start":{"line":8,"column":17},"end":{"line":8,"column":22}},"loc":{"start":{"line":8,"column":66},"end":{"line":31,"column":9}}},"1":{"name":"(anonymous_2)","decl":{"start":{"line":33,"column":22},"end":{"line":33,"column":27}},"loc":{"start":{"line":33,"column":126},"end":{"line":52,"column":9}}},"2":{"name":"(anonymous_3)","decl":{"start":{"line":51,"column":29},"end":{"line":51,"column":30}},"loc":{"start":{"line":51,"column":39},"end":{"line":51,"column":55}}},"3":{"name":"(anonymous_4)","decl":{"start":{"line":54,"column":17},"end":{"line":54,"column":22}},"loc":{"start":{"line":54,"column":111},"end":{"line":75,"column":9}}},"4":{"name":"(anonymous_5)","decl":{"start":{"line":74,"column":29},"end":{"line":74,"column":30}},"loc":{"start":{"line":74,"column":39},"end":{"line":74,"column":63}}},"5":{"name":"(anonymous_6)","decl":{"start":{"line":79,"column":20},"end":{"line":79,"column":25}},"loc":{"start":{"line":79,"column":85},"end":{"line":101,"column":9}}},"6":{"name":"(anonymous_7)","decl":{"start":{"line":103,"column":20},"end":{"line":103,"column":25}},"loc":{"start":{"line":103,"column":109},"end":{"line":130,"column":9}}},"7":{"name":"(anonymous_8)","decl":{"start":{"line":132,"column":20},"end":{"line":132,"column":25}},"loc":{"start":{"line":132,"column":83},"end":{"line":145,"column":9}}},"8":{"name":"(anonymous_9)","decl":{"start":{"line":147,"column":18},"end":{"line":147,"column":23}},"loc":{"start":{"line":147,"column":81},"end":{"line":161,"column":9}}},"9":{"name":"(anonymous_10)","decl":{"start":{"line":163,"column":20},"end":{"line":163,"column":25}},"loc":{"start":{"line":163,"column":83},"end":{"line":177,"column":9}}},"10":{"name":"(anonymous_11)","decl":{"start":{"line":179,"column":23},"end":{"line":179,"column":28}},"loc":{"start":{"line":179,"column":112},"end":{"line":204,"column":9}}},"11":{"name":"(anonymous_12)","decl":{"start":{"line":200,"column":48},"end":{"line":200,"column":49}},"loc":{"start":{"line":200,"column":63},"end":{"line":200,"column":85}}},"12":{"name":"(anonymous_13)","decl":{"start":{"line":206,"column":24},"end":{"line":206,"column":29}},"loc":{"start":{"line":206,"column":119},"end":{"line":231,"column":9}}},"13":{"name":"(anonymous_14)","decl":{"start":{"line":227,"column":46},"end":{"line":227,"column":47}},"loc":{"start":{"line":227,"column":61},"end":{"line":227,"column":83}}},"14":{"name":"(anonymous_15)","decl":{"start":{"line":233,"column":23},"end":{"line":233,"column":28}},"loc":{"start":{"line":233,"column":92},"end":{"line":243,"column":9}}},"15":{"name":"(anonymous_16)","decl":{"start":{"line":245,"column":21},"end":{"line":245,"column":26}},"loc":{"start":{"line":245,"column":90},"end":{"line":261,"column":9}}},"16":{"name":"(anonymous_17)","decl":{"start":{"line":263,"column":23},"end":{"line":263,"column":28}},"loc":{"start":{"line":263,"column":92},"end":{"line":277,"column":9}}}},"branchMap":{"0":{"loc":{"start":{"line":29,"column":12},"end":{"line":29,"column":56}},"type":"if","locations":[{"start":{"line":29,"column":12},"end":{"line":29,"column":56}},{"start":{},"end":{}}]},"1":{"loc":{"start":{"line":33,"column":47},"end":{"line":33,"column":57}},"type":"default-arg","locations":[{"start":{"line":33,"column":55},"end":{"line":33,"column":57}}]},"2":{"loc":{"start":{"line":33,"column":59},"end":{"line":33,"column":69}},"type":"default-arg","locations":[{"start":{"line":33,"column":68},"end":{"line":33,"column":69}}]},"3":{"loc":{"start":{"line":54,"column":34},"end":{"line":54,"column":44}},"type":"default-arg","locations":[{"start":{"line":54,"column":42},"end":{"line":54,"column":44}}]},"4":{"loc":{"start":{"line":54,"column":46},"end":{"line":54,"column":56}},"type":"default-arg","locations":[{"start":{"line":54,"column":55},"end":{"line":54,"column":56}}]},"5":{"loc":{"start":{"line":55,"column":27},"end":{"line":55,"column":55}},"type":"binary-expr","locations":[{"start":{"line":55,"column":27},"end":{"line":55,"column":47}},{"start":{"line":55,"column":51},"end":{"line":55,"column":55}}]},"6":{"loc":{"start":{"line":107,"column":12},"end":{"line":107,"column":56}},"type":"if","locations":[{"start":{"line":107,"column":12},"end":{"line":107,"column":56}},{"start":{},"end":{}}]},"7":{"loc":{"start":{"line":108,"column":12},"end":{"line":108,"column":95}},"type":"if","locations":[{"start":{"line":108,"column":12},"end":{"line":108,"column":95}},{"start":{},"end":{}}]},"8":{"loc":{"start":{"line":136,"column":12},"end":{"line":136,"column":56}},"type":"if","locations":[{"start":{"line":136,"column":12},"end":{"line":136,"column":56}},{"start":{},"end":{}}]},"9":{"loc":{"start":{"line":137,"column":12},"end":{"line":137,"column":92}},"type":"if","locations":[{"start":{"line":137,"column":12},"end":{"line":137,"column":92}},{"start":{},"end":{}}]},"10":{"loc":{"start":{"line":154,"column":12},"end":{"line":156,"column":13}},"type":"if","locations":[{"start":{"line":154,"column":12},"end":{"line":156,"column":13}},{"start":{},"end":{}}]},"11":{"loc":{"start":{"line":170,"column":12},"end":{"line":172,"column":13}},"type":"if","locations":[{"start":{"line":170,"column":12},"end":{"line":172,"column":13}},{"start":{},"end":{}}]},"12":{"loc":{"start":{"line":183,"column":12},"end":{"line":183,"column":56}},"type":"if","locations":[{"start":{"line":183,"column":12},"end":{"line":183,"column":56}},{"start":{},"end":{}}]},"13":{"loc":{"start":{"line":210,"column":12},"end":{"line":210,"column":67}},"type":"if","locations":[{"start":{"line":210,"column":12},"end":{"line":210,"column":67}},{"start":{},"end":{}}]},"14":{"loc":{"start":{"line":237,"column":12},"end":{"line":237,"column":61}},"type":"if","locations":[{"start":{"line":237,"column":12},"end":{"line":237,"column":61}},{"start":{},"end":{}}]},"15":{"loc":{"start":{"line":238,"column":12},"end":{"line":238,"column":97}},"type":"if","locations":[{"start":{"line":238,"column":12},"end":{"line":238,"column":97}},{"start":{},"end":{}}]},"16":{"loc":{"start":{"line":252,"column":12},"end":{"line":254,"column":13}},"type":"if","locations":[{"start":{"line":252,"column":12},"end":{"line":254,"column":13}},{"start":{},"end":{}}]},"17":{"loc":{"start":{"line":270,"column":12},"end":{"line":272,"column":13}},"type":"if","locations":[{"start":{"line":270,"column":12},"end":{"line":272,"column":13}},{"start":{},"end":{}}]}},"s":{"0":0,"1":0,"2":0,"3":0,"4":0,"5":0,"6":0,"7":0,"8":0,"9":0,"10":0,"11":0,"12":0,"13":0,"14":0,"15":0,"16":0,"17":0,"18":0,"19":0,"20":0,"21":0,"22":0,"23":0,"24":0,"25":0,"26":0,"27":0,"28":0,"29":0,"30":0,"31":0,"32":0,"33":0,"34":0,"35":0,"36":0,"37":0,"38":0,"39":0,"40":0,"41":0,"42":0,"43":0,"44":0,"45":0,"46":0,"47":0,"48":0,"49":0,"50":0,"51":0,"52":0,"53":0,"54":0,"55":0,"56":0,"57":0,"58":0,"59":0,"60":0,"61":0,"62":0,"63":0,"64":0,"65":0,"66":0,"67":0,"68":0,"69":0,"70":0,"71":0,"72":0,"73":0,"74":0,"75":0,"76":0,"77":0,"78":0,"79":0,"80":0},"f":{"0":0,"1":0,"2":0,"3":0,"4":0,"5":0,"6":0,"7":0,"8":0,"9":0,"10":0,"11":0,"12":0,"13":0,"14":0,"15":0,"16":0},"b":{"0":[0,0],"1":[0],"2":[0],"3":[0],"4":[0],"5":[0,0],"6":[0,0],"7":[0,0],"8":[0,0],"9":[0,0],"10":[0,0],"11":[0,0],"12":[0,0],"13":[0,0],"14":[0,0],"15":[0,0],"16":[0,0],"17":[0,0]}}
,"E:\\project-code\\social_network\\social-network-backend\\src\\graphql\\resolvers\\profile.resolvers.ts": {"path":"E:\\project-code\\social_network\\social-network-backend\\src\\graphql\\resolvers\\profile.resolvers.ts","statementMap":{"0":{"start":{"line":4,"column":0},"end":{"line":4,"column":71}},"1":{"start":{"line":5,"column":0},"end":{"line":5,"column":44}},"2":{"start":{"line":6,"column":0},"end":{"line":6,"column":54}},"3":{"start":{"line":7,"column":0},"end":{"line":7,"column":67}},"4":{"start":{"line":9,"column":23},"end":{"line":9,"column":43}},"5":{"start":{"line":11,"column":13},"end":{"line":49,"column":2}},"6":{"start":{"line":14,"column":27},"end":{"line":14,"column":86}},"7":{"start":{"line":16,"column":32},"end":{"line":22,"column":14}},"8":{"start":{"line":24,"column":12},"end":{"line":26,"column":15}},"9":{"start":{"line":34,"column":27},"end":{"line":34,"column":86}},"10":{"start":{"line":36,"column":32},"end":{"line":39,"column":null}},"11":{"start":{"line":42,"column":12},"end":{"line":44,"column":15}}},"fnMap":{"0":{"name":"(anonymous_0)","decl":{"start":{"line":13,"column":8},"end":{"line":13,"column":13}},"loc":{"start":{"line":13,"column":50},"end":{"line":27,"column":9}}},"1":{"name":"(anonymous_1)","decl":{"start":{"line":33,"column":8},"end":{"line":33,"column":13}},"loc":{"start":{"line":33,"column":50},"end":{"line":45,"column":9}}}},"branchMap":{},"s":{"0":0,"1":0,"2":0,"3":0,"4":0,"5":0,"6":0,"7":0,"8":0,"9":0,"10":0,"11":0},"f":{"0":0,"1":0},"b":{}}
,"E:\\project-code\\social_network\\social-network-backend\\src\\graphql\\resolvers\\user.queries.ts": {"path":"E:\\project-code\\social_network\\social-network-backend\\src\\graphql\\resolvers\\user.queries.ts","statementMap":{"0":{"start":{"line":4,"column":0},"end":{"line":4,"column":38}},"1":{"start":{"line":5,"column":0},"end":{"line":5,"column":44}},"2":{"start":{"line":6,"column":0},"end":{"line":6,"column":54}},"3":{"start":{"line":8,"column":13},"end":{"line":83,"column":2}},"4":{"start":{"line":9,"column":18},"end":{"line":9,"column":20}},"5":{"start":{"line":12,"column":23},"end":{"line":12,"column":85}},"6":{"start":{"line":14,"column":21},"end":{"line":14,"column":76}},"7":{"start":{"line":16,"column":8},"end":{"line":18,"column":9}},"8":{"start":{"line":17,"column":12},"end":{"line":17,"column":47}},"9":{"start":{"line":20,"column":8},"end":{"line":20,"column":29}},"10":{"start":{"line":23,"column":22},"end":{"line":28,"column":10}},"11":{"start":{"line":30,"column":36},"end":{"line":50,"column":10}},"12":{"start":{"line":52,"column":24},"end":{"line":52,"column":58}},"13":{"start":{"line":54,"column":8},"end":{"line":58,"column":10}},"14":{"start":{"line":63,"column":21},"end":{"line":75,"column":10}},"15":{"start":{"line":77,"column":8},"end":{"line":79,"column":9}},"16":{"start":{"line":78,"column":12},"end":{"line":78,"column":47}},"17":{"start":{"line":81,"column":8},"end":{"line":81,"column":29}}},"fnMap":{"0":{"name":"(anonymous_1)","decl":{"start":{"line":9,"column":12},"end":{"line":9,"column":15}},"loc":{"start":{"line":9,"column":18},"end":{"line":9,"column":20}}},"1":{"name":"(anonymous_2)","decl":{"start":{"line":11,"column":8},"end":{"line":11,"column":13}},"loc":{"start":{"line":11,"column":48},"end":{"line":21,"column":5}}},"2":{"name":"(anonymous_3)","decl":{"start":{"line":22,"column":17},"end":{"line":22,"column":22}},"loc":{"start":{"line":22,"column":120},"end":{"line":59,"column":5}}},"3":{"name":"(anonymous_4)","decl":{"start":{"line":62,"column":23},"end":{"line":62,"column":28}},"loc":{"start":{"line":62,"column":76},"end":{"line":82,"column":5}}}},"branchMap":{"0":{"loc":{"start":{"line":16,"column":8},"end":{"line":18,"column":9}},"type":"if","locations":[{"start":{"line":16,"column":8},"end":{"line":18,"column":9}},{"start":{},"end":{}}]},"1":{"loc":{"start":{"line":77,"column":8},"end":{"line":79,"column":9}},"type":"if","locations":[{"start":{"line":77,"column":8},"end":{"line":79,"column":9}},{"start":{},"end":{}}]}},"s":{"0":0,"1":0,"2":0,"3":0,"4":0,"5":0,"6":0,"7":0,"8":0,"9":0,"10":0,"11":0,"12":0,"13":0,"14":0,"15":0,"16":0,"17":0},"f":{"0":0,"1":0,"2":0,"3":0},"b":{"0":[0,0],"1":[0,0]}}
,"E:\\project-code\\social_network\\social-network-backend\\src\\graphql\\resolvers\\user.resolvers.ts": {"path":"E:\\project-code\\social_network\\social-network-backend\\src\\graphql\\resolvers\\user.resolvers.ts","statementMap":{"0":{"start":{"line":4,"column":0},"end":{"line":4,"column":49}},"1":{"start":{"line":5,"column":0},"end":{"line":5,"column":55}},"2":{"start":{"line":6,"column":0},"end":{"line":6,"column":45}},"3":{"start":{"line":7,"column":0},"end":{"line":7,"column":49}},"4":{"start":{"line":9,"column":13},"end":{"line":17,"column":2}}},"fnMap":{},"branchMap":{},"s":{"0":0,"1":0,"2":0,"3":0,"4":0},"f":{},"b":{}}
,"E:\\project-code\\social_network\\social-network-backend\\src\\graphql\\resolvers\\helpers\\formatPost.ts": {"path":"E:\\project-code\\social_network\\social-network-backend\\src\\graphql\\resolvers\\helpers\\formatPost.ts","statementMap":{"0":{"start":{"line":1,"column":0},"end":{"line":1,"column":36}},"1":{"start":{"line":3,"column":26},"end":{"line":15,"column":1}},"2":{"start":{"line":4,"column":16},"end":{"line":4,"column":32}},"3":{"start":{"line":5,"column":19},"end":{"line":5,"column":38}},"4":{"start":{"line":7,"column":2},"end":{"line":14,"column":4}},"5":{"start":{"line":12,"column":48},"end":{"line":12,"column":70}},"6":{"start":{"line":13,"column":45},"end":{"line":13,"column":75}},"7":{"start":{"line":3,"column":13},"end":{"line":3,"column":26}},"8":{"start":{"line":17,"column":29},"end":{"line":28,"column":1}},"9":{"start":{"line":18,"column":16},"end":{"line":18,"column":35}},"10":{"start":{"line":19,"column":18},"end":{"line":19,"column":39}},"11":{"start":{"line":21,"column":2},"end":{"line":27,"column":4}},"12":{"start":{"line":25,"column":48},"end":{"line":25,"column":70}},"13":{"start":{"line":26,"column":41},"end":{"line":26,"column":69}},"14":{"start":{"line":17,"column":13},"end":{"line":17,"column":29}}},"fnMap":{"0":{"name":"(anonymous_0)","decl":{"start":{"line":3,"column":26},"end":{"line":3,"column":27}},"loc":{"start":{"line":3,"column":57},"end":{"line":15,"column":1}}},"1":{"name":"(anonymous_1)","decl":{"start":{"line":12,"column":33},"end":{"line":12,"column":34}},"loc":{"start":{"line":12,"column":48},"end":{"line":12,"column":70}}},"2":{"name":"(anonymous_2)","decl":{"start":{"line":13,"column":27},"end":{"line":13,"column":28}},"loc":{"start":{"line":13,"column":45},"end":{"line":13,"column":75}}},"3":{"name":"(anonymous_3)","decl":{"start":{"line":17,"column":29},"end":{"line":17,"column":30}},"loc":{"start":{"line":17,"column":63},"end":{"line":28,"column":1}}},"4":{"name":"(anonymous_4)","decl":{"start":{"line":25,"column":33},"end":{"line":25,"column":34}},"loc":{"start":{"line":25,"column":48},"end":{"line":25,"column":70}}},"5":{"name":"(anonymous_5)","decl":{"start":{"line":26,"column":25},"end":{"line":26,"column":26}},"loc":{"start":{"line":26,"column":41},"end":{"line":26,"column":69}}}},"branchMap":{"0":{"loc":{"start":{"line":4,"column":16},"end":{"line":4,"column":32}},"type":"binary-expr","locations":[{"start":{"line":4,"column":16},"end":{"line":4,"column":26}},{"start":{"line":4,"column":30},"end":{"line":4,"column":32}}]},"1":{"loc":{"start":{"line":5,"column":19},"end":{"line":5,"column":38}},"type":"binary-expr","locations":[{"start":{"line":5,"column":19},"end":{"line":5,"column":32}},{"start":{"line":5,"column":36},"end":{"line":5,"column":38}}]},"2":{"loc":{"start":{"line":12,"column":13},"end":{"line":12,"column":79}},"type":"cond-expr","locations":[{"start":{"line":12,"column":22},"end":{"line":12,"column":71}},{"start":{"line":12,"column":74},"end":{"line":12,"column":79}}]},"3":{"loc":{"start":{"line":18,"column":16},"end":{"line":18,"column":35}},"type":"binary-expr","locations":[{"start":{"line":18,"column":16},"end":{"line":18,"column":29}},{"start":{"line":18,"column":33},"end":{"line":18,"column":35}}]},"4":{"loc":{"start":{"line":19,"column":18},"end":{"line":19,"column":39}},"type":"binary-expr","locations":[{"start":{"line":19,"column":18},"end":{"line":19,"column":33}},{"start":{"line":19,"column":37},"end":{"line":19,"column":39}}]},"5":{"loc":{"start":{"line":25,"column":13},"end":{"line":25,"column":79}},"type":"cond-expr","locations":[{"start":{"line":25,"column":22},"end":{"line":25,"column":71}},{"start":{"line":25,"column":74},"end":{"line":25,"column":79}}]}},"s":{"0":0,"1":0,"2":0,"3":0,"4":0,"5":0,"6":0,"7":0,"8":0,"9":0,"10":0,"11":0,"12":0,"13":0,"14":0},"f":{"0":0,"1":0,"2":0,"3":0,"4":0,"5":0},"b":{"0":[0,0],"1":[0,0],"2":[0,0],"3":[0,0],"4":[0,0],"5":[0,0]}}
,"E:\\project-code\\social_network\\social-network-backend\\src\\graphql\\resolvers\\helpers\\mapUser.ts": {"path":"E:\\project-code\\social_network\\social-network-backend\\src\\graphql\\resolvers\\helpers\\mapUser.ts","statementMap":{"0":{"start":{"line":4,"column":0},"end":{"line":4,"column":16}},"1":{"start":{"line":14,"column":4},"end":{"line":23,"column":6}}},"fnMap":{"0":{"name":"mapUser","decl":{"start":{"line":4,"column":16},"end":{"line":4,"column":23}},"loc":{"start":{"line":13,"column":1},"end":{"line":24,"column":1}}}},"branchMap":{},"s":{"0":0,"1":0},"f":{"0":0},"b":{}}
,"E:\\project-code\\social_network\\social-network-backend\\src\\graphql\\resolvers\\helpers\\response.ts": {"path":"E:\\project-code\\social_network\\social-network-backend\\src\\graphql\\resolvers\\helpers\\response.ts","statementMap":{"0":{"start":{"line":6,"column":0},"end":{"line":6,"column":16}},"1":{"start":{"line":10,"column":0},"end":{"line":10,"column":16}},"2":{"start":{"line":25,"column":0},"end":{"line":25,"column":16}},"3":{"start":{"line":7,"column":4},"end":{"line":7,"column":48}},"4":{"start":{"line":11,"column":4},"end":{"line":11,"column":49}},"5":{"start":{"line":30,"column":4},"end":{"line":36,"column":6}},"6":{"start":{"line":31,"column":8},"end":{"line":35,"column":9}},"7":{"start":{"line":32,"column":12},"end":{"line":32,"column":43}},"8":{"start":{"line":34,"column":12},"end":{"line":34,"column":84}}},"fnMap":{"0":{"name":"successResponse","decl":{"start":{"line":6,"column":16},"end":{"line":6,"column":31}},"loc":{"start":{"line":6,"column":75},"end":{"line":8,"column":1}}},"1":{"name":"errorResponse","decl":{"start":{"line":10,"column":16},"end":{"line":10,"column":29}},"loc":{"start":{"line":10,"column":73},"end":{"line":12,"column":1}}},"2":{"name":"withTryCatch","decl":{"start":{"line":25,"column":16},"end":{"line":25,"column":28}},"loc":{"start":{"line":28,"column":40},"end":{"line":37,"column":1}}},"3":{"name":"(anonymous_3)","decl":{"start":{"line":30,"column":11},"end":{"line":30,"column":16}},"loc":{"start":{"line":30,"column":69},"end":{"line":36,"column":5}}}},"branchMap":{"0":{"loc":{"start":{"line":6,"column":49},"end":{"line":6,"column":75}},"type":"default-arg","locations":[{"start":{"line":6,"column":73},"end":{"line":6,"column":75}}]},"1":{"loc":{"start":{"line":10,"column":47},"end":{"line":10,"column":73}},"type":"default-arg","locations":[{"start":{"line":10,"column":71},"end":{"line":10,"column":73}}]},"2":{"loc":{"start":{"line":28,"column":4},"end":{"line":28,"column":40}},"type":"default-arg","locations":[{"start":{"line":28,"column":38},"end":{"line":28,"column":40}}]},"3":{"loc":{"start":{"line":34,"column":33},"end":{"line":34,"column":65}},"type":"binary-expr","locations":[{"start":{"line":34,"column":33},"end":{"line":34,"column":46}},{"start":{"line":34,"column":50},"end":{"line":34,"column":65}}]}},"s":{"0":0,"1":0,"2":0,"3":0,"4":0,"5":0,"6":0,"7":0,"8":0},"f":{"0":0,"1":0,"2":0,"3":0},"b":{"0":[0],"1":[0],"2":[0],"3":[0,0]}}
,"E:\\project-code\\social_network\\social-network-backend\\src\\graphql\\resolvers\\try-catch\\requireAuth.ts": {"path":"E:\\project-code\\social_network\\social-network-backend\\src\\graphql\\resolvers\\try-catch\\requireAuth.ts","statementMap":{"0":{"start":{"line":4,"column":0},"end":{"line":4,"column":16}},"1":{"start":{"line":8,"column":4},"end":{"line":10,"column":5}},"2":{"start":{"line":9,"column":8},"end":{"line":9,"column":33}},"3":{"start":{"line":11,"column":4},"end":{"line":11,"column":31}}},"fnMap":{"0":{"name":"requireAuth","decl":{"start":{"line":4,"column":16},"end":{"line":4,"column":27}},"loc":{"start":{"line":6,"column":50},"end":{"line":12,"column":1}}}},"branchMap":{"0":{"loc":{"start":{"line":6,"column":4},"end":{"line":6,"column":50}},"type":"default-arg","locations":[{"start":{"line":6,"column":22},"end":{"line":6,"column":50}}]},"1":{"loc":{"start":{"line":8,"column":4},"end":{"line":10,"column":5}},"type":"if","locations":[{"start":{"line":8,"column":4},"end":{"line":10,"column":5}},{"start":{},"end":{}}]}},"s":{"0":0,"1":0,"2":0,"3":0},"f":{"0":0},"b":{"0":[0],"1":[0,0]}}
,"E:\\project-code\\social_network\\social-network-backend\\src\\graphql\\schema\\post.schema.ts": {"path":"E:\\project-code\\social_network\\social-network-backend\\src\\graphql\\schema\\post.schema.ts","statementMap":{"0":{"start":{"line":1,"column":13},"end":{"line":68,"column":2}}},"fnMap":{},"branchMap":{},"s":{"0":0},"f":{},"b":{}}
,"E:\\project-code\\social_network\\social-network-backend\\src\\graphql\\schema\\user.schema.ts": {"path":"E:\\project-code\\social_network\\social-network-backend\\src\\graphql\\schema\\user.schema.ts","statementMap":{"0":{"start":{"line":1,"column":13},"end":{"line":87,"column":2}}},"fnMap":{},"branchMap":{},"s":{"0":0},"f":{},"b":{}}
,"E:\\project-code\\social_network\\social-network-backend\\src\\lib\\prisma.ts": {"path":"E:\\project-code\\social_network\\social-network-backend\\src\\lib\\prisma.ts","statementMap":{"0":{"start":{"line":1,"column":0},"end":{"line":1,"column":26}},"1":{"start":{"line":2,"column":0},"end":{"line":2,"column":46}},"2":{"start":{"line":3,"column":0},"end":{"line":3,"column":46}},"3":{"start":{"line":6,"column":13},"end":{"line":8,"column":2}},"4":{"start":{"line":9,"column":16},"end":{"line":9,"column":34}},"5":{"start":{"line":11,"column":15},"end":{"line":11,"column":44}},"6":{"start":{"line":13,"column":0},"end":{"line":13,"column":22}}},"fnMap":{},"branchMap":{},"s":{"0":0,"1":0,"2":0,"3":0,"4":0,"5":0,"6":0},"f":{},"b":{}}
,"E:\\project-code\\social_network\\social-network-backend\\src\\modules\\auth\\auth.service.ts": {"path":"E:\\project-code\\social_network\\social-network-backend\\src\\modules\\auth\\auth.service.ts","statementMap":{"0":{"start":{"line":1,"column":0},"end":{"line":1,"column":28}},"1":{"start":{"line":2,"column":0},"end":{"line":2,"column":30}},"2":{"start":{"line":3,"column":0},"end":{"line":3,"column":31}},"3":{"start":{"line":5,"column":0},"end":{"line":5,"column":36}},"4":{"start":{"line":6,"column":0},"end":{"line":6,"column":38}},"5":{"start":{"line":16,"column":25},"end":{"line":18,"column":6}},"6":{"start":{"line":19,"column":4},"end":{"line":21,"column":5}},"7":{"start":{"line":20,"column":6},"end":{"line":20,"column":64}},"8":{"start":{"line":23,"column":27},"end":{"line":23,"column":58}},"9":{"start":{"line":25,"column":17},"end":{"line":27,"column":6}},"10":{"start":{"line":29,"column":18},"end":{"line":32,"column":null}},"11":{"start":{"line":35,"column":4},"end":{"line":40,"column":7}},"12":{"start":{"line":42,"column":4},"end":{"line":42,"column":27}},"13":{"start":{"line":46,"column":17},"end":{"line":46,"column":67}},"14":{"start":{"line":48,"column":4},"end":{"line":50,"column":5}},"15":{"start":{"line":49,"column":6},"end":{"line":49,"column":55}},"16":{"start":{"line":52,"column":28},"end":{"line":52,"column":73}},"17":{"start":{"line":53,"column":4},"end":{"line":55,"column":5}},"18":{"start":{"line":54,"column":6},"end":{"line":54,"column":46}},"19":{"start":{"line":57,"column":18},"end":{"line":60,"column":null}},"20":{"start":{"line":63,"column":4},"end":{"line":69,"column":7}},"21":{"start":{"line":71,"column":4},"end":{"line":71,"column":27}},"22":{"start":{"line":75,"column":4},"end":{"line":79,"column":7}},"23":{"start":{"line":80,"column":4},"end":{"line":80,"column":29}},"24":{"start":{"line":85,"column":17},"end":{"line":85,"column":67}},"25":{"start":{"line":88,"column":4},"end":{"line":90,"column":5}},"26":{"start":{"line":89,"column":6},"end":{"line":89,"column":31}},"27":{"start":{"line":93,"column":18},"end":{"line":93,"column":56}},"28":{"start":{"line":96,"column":22},"end":{"line":96,"column":59}},"29":{"start":{"line":99,"column":4},"end":{"line":105,"column":7}},"30":{"start":{"line":108,"column":4},"end":{"line":108,"column":49}},"31":{"start":{"line":110,"column":4},"end":{"line":110,"column":29}},"32":{"start":{"line":115,"column":21},"end":{"line":115,"column":83}},"33":{"start":{"line":117,"column":24},"end":{"line":125,"column":6}},"34":{"start":{"line":127,"column":4},"end":{"line":143,"column":7}},"35":{"start":{"line":149,"column":17},"end":{"line":156,"column":6}},"36":{"start":{"line":158,"column":4},"end":{"line":160,"column":5}},"37":{"start":{"line":159,"column":6},"end":{"line":159,"column":60}},"38":{"start":{"line":163,"column":27},"end":{"line":163,"column":61}},"39":{"start":{"line":166,"column":4},"end":{"line":173,"column":7}},"40":{"start":{"line":175,"column":4},"end":{"line":175,"column":29}},"41":{"start":{"line":8,"column":0},"end":{"line":8,"column":13}}},"fnMap":{"0":{"name":"(anonymous_1)","decl":{"start":{"line":9,"column":2},"end":{"line":9,"column":7}},"loc":{"start":{"line":14,"column":17},"end":{"line":43,"column":3}}},"1":{"name":"(anonymous_2)","decl":{"start":{"line":45,"column":2},"end":{"line":45,"column":7}},"loc":{"start":{"line":45,"column":60},"end":{"line":72,"column":3}}},"2":{"name":"(anonymous_3)","decl":{"start":{"line":74,"column":2},"end":{"line":74,"column":7}},"loc":{"start":{"line":74,"column":28},"end":{"line":81,"column":3}}},"3":{"name":"(anonymous_4)","decl":{"start":{"line":83,"column":2},"end":{"line":83,"column":7}},"loc":{"start":{"line":83,"column":42},"end":{"line":111,"column":3}}},"4":{"name":"(anonymous_5)","decl":{"start":{"line":114,"column":10},"end":{"line":114,"column":15}},"loc":{"start":{"line":114,"column":59},"end":{"line":144,"column":3}}},"5":{"name":"(anonymous_6)","decl":{"start":{"line":147,"column":2},"end":{"line":147,"column":7}},"loc":{"start":{"line":147,"column":56},"end":{"line":176,"column":3}}}},"branchMap":{"0":{"loc":{"start":{"line":19,"column":4},"end":{"line":21,"column":5}},"type":"if","locations":[{"start":{"line":19,"column":4},"end":{"line":21,"column":5}},{"start":{},"end":{}}]},"1":{"loc":{"start":{"line":31,"column":6},"end":{"line":31,"column":40}},"type":"binary-expr","locations":[{"start":{"line":31,"column":6},"end":{"line":31,"column":28}},{"start":{"line":31,"column":32},"end":{"line":31,"column":40}}]},"2":{"loc":{"start":{"line":48,"column":4},"end":{"line":50,"column":5}},"type":"if","locations":[{"start":{"line":48,"column":4},"end":{"line":50,"column":5}},{"start":{},"end":{}}]},"3":{"loc":{"start":{"line":53,"column":4},"end":{"line":55,"column":5}},"type":"if","locations":[{"start":{"line":53,"column":4},"end":{"line":55,"column":5}},{"start":{},"end":{}}]},"4":{"loc":{"start":{"line":59,"column":6},"end":{"line":59,"column":40}},"type":"binary-expr","locations":[{"start":{"line":59,"column":6},"end":{"line":59,"column":28}},{"start":{"line":59,"column":32},"end":{"line":59,"column":40}}]},"5":{"loc":{"start":{"line":88,"column":4},"end":{"line":90,"column":5}},"type":"if","locations":[{"start":{"line":88,"column":4},"end":{"line":90,"column":5}},{"start":{},"end":{}}]},"6":{"loc":{"start":{"line":158,"column":4},"end":{"line":160,"column":5}},"type":"if","locations":[{"start":{"line":158,"column":4},"end":{"line":160,"column":5}},{"start":{},"end":{}}]}},"s":{"0":0,"1":0,"2":0,"3":0,"4":0,"5":0,"6":0,"7":0,"8":0,"9":0,"10":0,"11":0,"12":0,"13":0,"14":0,"15":0,"16":0,"17":0,"18":0,"19":0,"20":0,"21":0,"22":0,"23":0,"24":0,"25":0,"26":0,"27":0,"28":0,"29":0,"30":0,"31":0,"32":0,"33":0,"34":0,"35":0,"36":0,"37":0,"38":0,"39":0,"40":0,"41":0},"f":{"0":0,"1":0,"2":0,"3":0,"4":0,"5":0},"b":{"0":[0,0],"1":[0,0],"2":[0,0],"3":[0,0],"4":[0,0],"5":[0,0],"6":[0,0]}}
,"E:\\project-code\\social_network\\social-network-backend\\src\\modules\\profile\\profile.service.ts": {"path":"E:\\project-code\\social_network\\social-network-backend\\src\\modules\\profile\\profile.service.ts","statementMap":{"0":{"start":{"line":1,"column":0},"end":{"line":1,"column":38}},"1":{"start":{"line":2,"column":0},"end":{"line":2,"column":30}},"2":{"start":{"line":16,"column":17},"end":{"line":18,"column":6}},"3":{"start":{"line":20,"column":4},"end":{"line":22,"column":5}},"4":{"start":{"line":21,"column":6},"end":{"line":21,"column":41}},"5":{"start":{"line":25,"column":4},"end":{"line":32,"column":5}},"6":{"start":{"line":26,"column":28},"end":{"line":28,"column":8}},"7":{"start":{"line":29,"column":6},"end":{"line":31,"column":7}},"8":{"start":{"line":30,"column":8},"end":{"line":30,"column":56}},"9":{"start":{"line":34,"column":4},"end":{"line":41,"column":5}},"10":{"start":{"line":35,"column":31},"end":{"line":37,"column":8}},"11":{"start":{"line":38,"column":6},"end":{"line":40,"column":7}},"12":{"start":{"line":39,"column":8},"end":{"line":39,"column":61}},"13":{"start":{"line":44,"column":24},"end":{"line":53,"column":6}},"14":{"start":{"line":55,"column":4},"end":{"line":55,"column":23}},"15":{"start":{"line":60,"column":17},"end":{"line":62,"column":6}},"16":{"start":{"line":64,"column":4},"end":{"line":66,"column":5}},"17":{"start":{"line":65,"column":6},"end":{"line":65,"column":41}},"18":{"start":{"line":69,"column":28},"end":{"line":69,"column":76}},"19":{"start":{"line":70,"column":4},"end":{"line":72,"column":5}},"20":{"start":{"line":71,"column":6},"end":{"line":71,"column":51}},"21":{"start":{"line":75,"column":27},"end":{"line":75,"column":61}},"22":{"start":{"line":78,"column":24},"end":{"line":83,"column":6}},"23":{"start":{"line":85,"column":4},"end":{"line":85,"column":23}},"24":{"start":{"line":4,"column":0},"end":{"line":4,"column":13}}},"fnMap":{"0":{"name":"(anonymous_1)","decl":{"start":{"line":5,"column":2},"end":{"line":5,"column":7}},"loc":{"start":{"line":13,"column":5},"end":{"line":56,"column":3}}},"1":{"name":"(anonymous_2)","decl":{"start":{"line":58,"column":2},"end":{"line":58,"column":7}},"loc":{"start":{"line":58,"column":79},"end":{"line":86,"column":3}}}},"branchMap":{"0":{"loc":{"start":{"line":20,"column":4},"end":{"line":22,"column":5}},"type":"if","locations":[{"start":{"line":20,"column":4},"end":{"line":22,"column":5}},{"start":{},"end":{}}]},"1":{"loc":{"start":{"line":25,"column":4},"end":{"line":32,"column":5}},"type":"if","locations":[{"start":{"line":25,"column":4},"end":{"line":32,"column":5}},{"start":{},"end":{}}]},"2":{"loc":{"start":{"line":25,"column":8},"end":{"line":25,"column":47}},"type":"binary-expr","locations":[{"start":{"line":25,"column":8},"end":{"line":25,"column":18}},{"start":{"line":25,"column":22},"end":{"line":25,"column":47}}]},"3":{"loc":{"start":{"line":29,"column":6},"end":{"line":31,"column":7}},"type":"if","locations":[{"start":{"line":29,"column":6},"end":{"line":31,"column":7}},{"start":{},"end":{}}]},"4":{"loc":{"start":{"line":34,"column":4},"end":{"line":41,"column":5}},"type":"if","locations":[{"start":{"line":34,"column":4},"end":{"line":41,"column":5}},{"start":{},"end":{}}]},"5":{"loc":{"start":{"line":34,"column":8},"end":{"line":34,"column":56}},"type":"binary-expr","locations":[{"start":{"line":34,"column":8},"end":{"line":34,"column":21}},{"start":{"line":34,"column":25},"end":{"line":34,"column":56}}]},"6":{"loc":{"start":{"line":38,"column":6},"end":{"line":40,"column":7}},"type":"if","locations":[{"start":{"line":38,"column":6},"end":{"line":40,"column":7}},{"start":{},"end":{}}]},"7":{"loc":{"start":{"line":47,"column":18},"end":{"line":47,"column":48}},"type":"binary-expr","locations":[{"start":{"line":47,"column":18},"end":{"line":47,"column":31}},{"start":{"line":47,"column":35},"end":{"line":47,"column":48}}]},"8":{"loc":{"start":{"line":48,"column":18},"end":{"line":48,"column":48}},"type":"binary-expr","locations":[{"start":{"line":48,"column":18},"end":{"line":48,"column":31}},{"start":{"line":48,"column":35},"end":{"line":48,"column":48}}]},"9":{"loc":{"start":{"line":49,"column":15},"end":{"line":49,"column":39}},"type":"binary-expr","locations":[{"start":{"line":49,"column":15},"end":{"line":49,"column":25}},{"start":{"line":49,"column":29},"end":{"line":49,"column":39}}]},"10":{"loc":{"start":{"line":50,"column":13},"end":{"line":50,"column":33}},"type":"binary-expr","locations":[{"start":{"line":50,"column":13},"end":{"line":50,"column":21}},{"start":{"line":50,"column":25},"end":{"line":50,"column":33}}]},"11":{"loc":{"start":{"line":51,"column":16},"end":{"line":51,"column":42}},"type":"binary-expr","locations":[{"start":{"line":51,"column":16},"end":{"line":51,"column":27}},{"start":{"line":51,"column":31},"end":{"line":51,"column":42}}]},"12":{"loc":{"start":{"line":64,"column":4},"end":{"line":66,"column":5}},"type":"if","locations":[{"start":{"line":64,"column":4},"end":{"line":66,"column":5}},{"start":{},"end":{}}]},"13":{"loc":{"start":{"line":70,"column":4},"end":{"line":72,"column":5}},"type":"if","locations":[{"start":{"line":70,"column":4},"end":{"line":72,"column":5}},{"start":{},"end":{}}]}},"s":{"0":0,"1":0,"2":0,"3":0,"4":0,"5":0,"6":0,"7":0,"8":0,"9":0,"10":0,"11":0,"12":0,"13":0,"14":0,"15":0,"16":0,"17":0,"18":0,"19":0,"20":0,"21":0,"22":0,"23":0,"24":0},"f":{"0":0,"1":0},"b":{"0":[0,0],"1":[0,0],"2":[0,0],"3":[0,0],"4":[0,0],"5":[0,0],"6":[0,0],"7":[0,0],"8":[0,0],"9":[0,0],"10":[0,0],"11":[0,0],"12":[0,0],"13":[0,0]}}
,"E:\\project-code\\social_network\\social-network-backend\\src\\routes\\post-media.route.ts": {"path":"E:\\project-code\\social_network\\social-network-backend\\src\\routes\\post-media.route.ts","statementMap":{"0":{"start":{"line":2,"column":0},"end":{"line":2,"column":33}},"1":{"start":{"line":3,"column":0},"end":{"line":3,"column":82}},"2":{"start":{"line":5,"column":15},"end":{"line":5,"column":23}},"3":{"start":{"line":8,"column":0},"end":{"line":36,"column":3}},"4":{"start":{"line":9,"column":4},"end":{"line":35,"column":5}},"5":{"start":{"line":10,"column":23},"end":{"line":10,"column":61}},"6":{"start":{"line":12,"column":8},"end":{"line":18,"column":11}},"7":{"start":{"line":21,"column":23},"end":{"line":21,"column":42}},"8":{"start":{"line":22,"column":24},"end":{"line":22,"column":60}},"9":{"start":{"line":25,"column":8},"end":{"line":30,"column":9}},"10":{"start":{"line":26,"column":12},"end":{"line":26,"column":58}},"11":{"start":{"line":29,"column":12},"end":{"line":29,"column":42}},"12":{"start":{"line":32,"column":8},"end":{"line":34,"column":11}},"13":{"start":{"line":39,"column":0},"end":{"line":57,"column":3}},"14":{"start":{"line":40,"column":4},"end":{"line":56,"column":5}},"15":{"start":{"line":41,"column":24},"end":{"line":41,"column":32}},"16":{"start":{"line":43,"column":8},"end":{"line":45,"column":9}},"17":{"start":{"line":44,"column":12},"end":{"line":44,"column":79}},"18":{"start":{"line":47,"column":24},"end":{"line":47,"column":44}},"19":{"start":{"line":49,"column":8},"end":{"line":52,"column":11}},"20":{"start":{"line":54,"column":8},"end":{"line":54,"column":52}},"21":{"start":{"line":55,"column":8},"end":{"line":55,"column":55}},"22":{"start":{"line":59,"column":0},"end":{"line":59,"column":22}}},"fnMap":{"0":{"name":"(anonymous_0)","decl":{"start":{"line":8,"column":34},"end":{"line":8,"column":39}},"loc":{"start":{"line":8,"column":53},"end":{"line":36,"column":1}}},"1":{"name":"(anonymous_1)","decl":{"start":{"line":39,"column":36},"end":{"line":39,"column":41}},"loc":{"start":{"line":39,"column":55},"end":{"line":57,"column":1}}}},"branchMap":{"0":{"loc":{"start":{"line":21,"column":23},"end":{"line":21,"column":42}},"type":"binary-expr","locations":[{"start":{"line":21,"column":23},"end":{"line":21,"column":35}},{"start":{"line":21,"column":39},"end":{"line":21,"column":42}}]},"1":{"loc":{"start":{"line":22,"column":24},"end":{"line":22,"column":60}},"type":"binary-expr","locations":[{"start":{"line":22,"column":24},"end":{"line":22,"column":37}},{"start":{"line":22,"column":41},"end":{"line":22,"column":60}}]},"2":{"loc":{"start":{"line":25,"column":8},"end":{"line":30,"column":9}},"type":"if","locations":[{"start":{"line":25,"column":8},"end":{"line":30,"column":9}},{"start":{"line":27,"column":15},"end":{"line":30,"column":9}}]},"3":{"loc":{"start":{"line":43,"column":8},"end":{"line":45,"column":9}},"type":"if","locations":[{"start":{"line":43,"column":8},"end":{"line":45,"column":9}},{"start":{},"end":{}}]},"4":{"loc":{"start":{"line":51,"column":21},"end":{"line":51,"column":74}},"type":"cond-expr","locations":[{"start":{"line":51,"column":31},"end":{"line":51,"column":55}},{"start":{"line":51,"column":58},"end":{"line":51,"column":74}}]}},"s":{"0":0,"1":0,"2":0,"3":0,"4":0,"5":0,"6":0,"7":0,"8":0,"9":0,"10":0,"11":0,"12":0,"13":0,"14":0,"15":0,"16":0,"17":0,"18":0,"19":0,"20":0,"21":0,"22":0},"f":{"0":0,"1":0},"b":{"0":[0,0],"1":[0,0],"2":[0,0],"3":[0,0],"4":[0,0]}}
,"E:\\project-code\\social_network\\social-network-backend\\src\\routes\\upload.route.ts": {"path":"E:\\project-code\\social_network\\social-network-backend\\src\\routes\\upload.route.ts","statementMap":{"0":{"start":{"line":1,"column":0},"end":{"line":1,"column":28}},"1":{"start":{"line":2,"column":0},"end":{"line":2,"column":31}},"2":{"start":{"line":3,"column":0},"end":{"line":3,"column":33}},"3":{"start":{"line":4,"column":0},"end":{"line":4,"column":35}},"4":{"start":{"line":5,"column":0},"end":{"line":5,"column":69}},"5":{"start":{"line":7,"column":15},"end":{"line":7,"column":23}},"6":{"start":{"line":9,"column":0},"end":{"line":80,"column":2}},"7":{"start":{"line":13,"column":8},"end":{"line":25,"column":11}},"8":{"start":{"line":14,"column":12},"end":{"line":23,"column":13}},"9":{"start":{"line":15,"column":16},"end":{"line":19,"column":17}},"10":{"start":{"line":16,"column":20},"end":{"line":18,"column":23}},"11":{"start":{"line":20,"column":16},"end":{"line":22,"column":19}},"12":{"start":{"line":24,"column":12},"end":{"line":24,"column":19}},"13":{"start":{"line":28,"column":8},"end":{"line":78,"column":9}},"14":{"start":{"line":29,"column":12},"end":{"line":31,"column":13}},"15":{"start":{"line":30,"column":16},"end":{"line":30,"column":84}},"16":{"start":{"line":33,"column":26},"end":{"line":33,"column":52}},"17":{"start":{"line":34,"column":25},"end":{"line":34,"column":29}},"18":{"start":{"line":36,"column":12},"end":{"line":46,"column":13}},"19":{"start":{"line":37,"column":16},"end":{"line":45,"column":17}},"20":{"start":{"line":38,"column":36},"end":{"line":38,"column":null}},"21":{"start":{"line":42,"column":20},"end":{"line":42,"column":44}},"22":{"start":{"line":44,"column":20},"end":{"line":44,"column":50}},"23":{"start":{"line":48,"column":12},"end":{"line":65,"column":13}},"24":{"start":{"line":49,"column":29},"end":{"line":52,"column":18}},"25":{"start":{"line":54,"column":16},"end":{"line":56,"column":17}},"26":{"start":{"line":55,"column":20},"end":{"line":55,"column":49}},"27":{"start":{"line":58,"column":32},"end":{"line":58,"column":70}},"28":{"start":{"line":59,"column":32},"end":{"line":59,"column":73}},"29":{"start":{"line":61,"column":16},"end":{"line":64,"column":19}},"30":{"start":{"line":67,"column":28},"end":{"line":67,"column":66}},"31":{"start":{"line":68,"column":28},"end":{"line":68,"column":69}},"32":{"start":{"line":70,"column":12},"end":{"line":74,"column":15}},"33":{"start":{"line":76,"column":12},"end":{"line":76,"column":52}},"34":{"start":{"line":77,"column":12},"end":{"line":77,"column":59}},"35":{"start":{"line":82,"column":0},"end":{"line":82,"column":22}}},"fnMap":{"0":{"name":"(anonymous_1)","decl":{"start":{"line":12,"column":4},"end":{"line":12,"column":5}},"loc":{"start":{"line":12,"column":23},"end":{"line":26,"column":5}}},"1":{"name":"(anonymous_2)","decl":{"start":{"line":13,"column":42},"end":{"line":13,"column":43}},"loc":{"start":{"line":13,"column":55},"end":{"line":25,"column":9}}},"2":{"name":"(anonymous_3)","decl":{"start":{"line":27,"column":4},"end":{"line":27,"column":9}},"loc":{"start":{"line":27,"column":23},"end":{"line":79,"column":5}}}},"branchMap":{"0":{"loc":{"start":{"line":14,"column":12},"end":{"line":23,"column":13}},"type":"if","locations":[{"start":{"line":14,"column":12},"end":{"line":23,"column":13}},{"start":{},"end":{}}]},"1":{"loc":{"start":{"line":15,"column":16},"end":{"line":19,"column":17}},"type":"if","locations":[{"start":{"line":15,"column":16},"end":{"line":19,"column":17}},{"start":{},"end":{}}]},"2":{"loc":{"start":{"line":15,"column":20},"end":{"line":15,"column":87}},"type":"binary-expr","locations":[{"start":{"line":15,"column":20},"end":{"line":15,"column":53}},{"start":{"line":15,"column":57},"end":{"line":15,"column":87}}]},"3":{"loc":{"start":{"line":21,"column":27},"end":{"line":21,"column":62}},"type":"binary-expr","locations":[{"start":{"line":21,"column":27},"end":{"line":21,"column":38}},{"start":{"line":21,"column":42},"end":{"line":21,"column":62}}]},"4":{"loc":{"start":{"line":29,"column":12},"end":{"line":31,"column":13}},"type":"if","locations":[{"start":{"line":29,"column":12},"end":{"line":31,"column":13}},{"start":{},"end":{}}]},"5":{"loc":{"start":{"line":33,"column":26},"end":{"line":33,"column":52}},"type":"binary-expr","locations":[{"start":{"line":33,"column":26},"end":{"line":33,"column":44}},{"start":{"line":33,"column":48},"end":{"line":33,"column":52}}]},"6":{"loc":{"start":{"line":36,"column":12},"end":{"line":46,"column":13}},"type":"if","locations":[{"start":{"line":36,"column":12},"end":{"line":46,"column":13}},{"start":{},"end":{}}]},"7":{"loc":{"start":{"line":38,"column":54},"end":{"line":38,"column":88}},"type":"binary-expr","locations":[{"start":{"line":38,"column":54},"end":{"line":38,"column":76}},{"start":{"line":38,"column":80},"end":{"line":38,"column":88}}]},"8":{"loc":{"start":{"line":48,"column":12},"end":{"line":65,"column":13}},"type":"if","locations":[{"start":{"line":48,"column":12},"end":{"line":65,"column":13}},{"start":{},"end":{}}]},"9":{"loc":{"start":{"line":54,"column":16},"end":{"line":56,"column":17}},"type":"if","locations":[{"start":{"line":54,"column":16},"end":{"line":56,"column":17}},{"start":{},"end":{}}]}},"s":{"0":1,"1":1,"2":1,"3":1,"4":1,"5":1,"6":1,"7":9,"8":9,"9":3,"10":1,"11":2,"12":6,"13":6,"14":6,"15":1,"16":5,"17":5,"18":5,"19":4,"20":4,"21":3,"22":1,"23":5,"24":3,"25":2,"26":1,"27":2,"28":2,"29":2,"30":4,"31":4,"32":4,"33":1,"34":1,"35":1},"f":{"0":9,"1":9,"2":6},"b":{"0":[3,6],"1":[1,2],"2":[3,1],"3":[2,1],"4":[1,5],"5":[5,1],"6":[4,1],"7":[4,4],"8":[3,2],"9":[1,1]}}
,"E:\\project-code\\social_network\\social-network-backend\\src\\services\\post-media.service.ts": {"path":"E:\\project-code\\social_network\\social-network-backend\\src\\services\\post-media.service.ts","statementMap":{"0":{"start":{"line":2,"column":0},"end":{"line":2,"column":20}},"1":{"start":{"line":3,"column":0},"end":{"line":3,"column":24}},"2":{"start":{"line":4,"column":0},"end":{"line":4,"column":28}},"3":{"start":{"line":5,"column":0},"end":{"line":5,"column":36}},"4":{"start":{"line":11,"column":23},"end":{"line":11,"column":66}},"5":{"start":{"line":14,"column":0},"end":{"line":17,"column":1}},"6":{"start":{"line":15,"column":4},"end":{"line":15,"column":54}},"7":{"start":{"line":16,"column":4},"end":{"line":16,"column":62}},"8":{"start":{"line":23,"column":21},"end":{"line":32,"column":2}},"9":{"start":{"line":25,"column":8},"end":{"line":25,"column":33}},"10":{"start":{"line":28,"column":20},"end":{"line":28,"column":51}},"11":{"start":{"line":29,"column":25},"end":{"line":29,"column":48}},"12":{"start":{"line":30,"column":8},"end":{"line":30,"column":27}},"13":{"start":{"line":38,"column":24},"end":{"line":49,"column":1}},"14":{"start":{"line":39,"column":25},"end":{"line":42,"column":6}},"15":{"start":{"line":44,"column":4},"end":{"line":48,"column":5}},"16":{"start":{"line":45,"column":8},"end":{"line":45,"column":23}},"17":{"start":{"line":47,"column":8},"end":{"line":47,"column":120}},"18":{"start":{"line":55,"column":13},"end":{"line":61,"column":3}},"19":{"start":{"line":67,"column":31},"end":{"line":116,"column":1}},"20":{"start":{"line":68,"column":4},"end":{"line":115,"column":7}},"21":{"start":{"line":69,"column":8},"end":{"line":114,"column":11}},"22":{"start":{"line":70,"column":12},"end":{"line":94,"column":13}},"23":{"start":{"line":72,"column":16},"end":{"line":79,"column":17}},"24":{"start":{"line":73,"column":20},"end":{"line":78,"column":21}},"25":{"start":{"line":74,"column":24},"end":{"line":77,"column":27}},"26":{"start":{"line":82,"column":16},"end":{"line":87,"column":17}},"27":{"start":{"line":83,"column":20},"end":{"line":86,"column":23}},"28":{"start":{"line":90,"column":16},"end":{"line":93,"column":19}},"29":{"start":{"line":96,"column":12},"end":{"line":101,"column":13}},"30":{"start":{"line":97,"column":16},"end":{"line":100,"column":19}},"31":{"start":{"line":104,"column":28},"end":{"line":104,"column":66}},"32":{"start":{"line":105,"column":28},"end":{"line":105,"column":75}},"33":{"start":{"line":107,"column":12},"end":{"line":113,"column":15}},"34":{"start":{"line":67,"column":13},"end":{"line":67,"column":31}},"35":{"start":{"line":122,"column":31},"end":{"line":155,"column":1}},"36":{"start":{"line":123,"column":4},"end":{"line":123,"column":32}},"37":{"start":{"line":123,"column":19},"end":{"line":123,"column":32}},"38":{"start":{"line":125,"column":4},"end":{"line":154,"column":5}},"39":{"start":{"line":127,"column":38},"end":{"line":127,"column":42}},"40":{"start":{"line":129,"column":8},"end":{"line":138,"column":9}},"41":{"start":{"line":130,"column":12},"end":{"line":130,"column":63}},"42":{"start":{"line":131,"column":15},"end":{"line":138,"column":9}},"43":{"start":{"line":132,"column":26},"end":{"line":132,"column":59}},"44":{"start":{"line":133,"column":12},"end":{"line":135,"column":13}},"45":{"start":{"line":134,"column":16},"end":{"line":134,"column":36}},"46":{"start":{"line":137,"column":12},"end":{"line":137,"column":32}},"47":{"start":{"line":140,"column":8},"end":{"line":140,"column":36}},"48":{"start":{"line":140,"column":23},"end":{"line":140,"column":36}},"49":{"start":{"line":142,"column":25},"end":{"line":142,"column":60}},"50":{"start":{"line":144,"column":8},"end":{"line":148,"column":9}},"51":{"start":{"line":145,"column":12},"end":{"line":145,"column":36}},"52":{"start":{"line":146,"column":12},"end":{"line":146,"column":58}},"53":{"start":{"line":147,"column":12},"end":{"line":147,"column":24}},"54":{"start":{"line":150,"column":8},"end":{"line":150,"column":21}},"55":{"start":{"line":152,"column":8},"end":{"line":152,"column":55}},"56":{"start":{"line":153,"column":8},"end":{"line":153,"column":21}},"57":{"start":{"line":122,"column":13},"end":{"line":122,"column":31}},"58":{"start":{"line":161,"column":28},"end":{"line":165,"column":1}},"59":{"start":{"line":162,"column":4},"end":{"line":162,"column":54}},"60":{"start":{"line":162,"column":39},"end":{"line":162,"column":54}},"61":{"start":{"line":163,"column":4},"end":{"line":163,"column":54}},"62":{"start":{"line":163,"column":39},"end":{"line":163,"column":54}},"63":{"start":{"line":164,"column":4},"end":{"line":164,"column":19}},"64":{"start":{"line":161,"column":13},"end":{"line":161,"column":28}}},"fnMap":{"0":{"name":"(anonymous_1)","decl":{"start":{"line":24,"column":17},"end":{"line":24,"column":18}},"loc":{"start":{"line":24,"column":35},"end":{"line":26,"column":5}}},"1":{"name":"(anonymous_2)","decl":{"start":{"line":27,"column":14},"end":{"line":27,"column":15}},"loc":{"start":{"line":27,"column":32},"end":{"line":31,"column":5}}},"2":{"name":"(anonymous_3)","decl":{"start":{"line":38,"column":24},"end":{"line":38,"column":25}},"loc":{"start":{"line":38,"column":57},"end":{"line":49,"column":1}}},"3":{"name":"(anonymous_4)","decl":{"start":{"line":67,"column":31},"end":{"line":67,"column":32}},"loc":{"start":{"line":67,"column":54},"end":{"line":116,"column":1}}},"4":{"name":"(anonymous_5)","decl":{"start":{"line":68,"column":23},"end":{"line":68,"column":24}},"loc":{"start":{"line":68,"column":43},"end":{"line":115,"column":5}}},"5":{"name":"(anonymous_6)","decl":{"start":{"line":69,"column":50},"end":{"line":69,"column":51}},"loc":{"start":{"line":69,"column":63},"end":{"line":114,"column":9}}},"6":{"name":"(anonymous_7)","decl":{"start":{"line":122,"column":31},"end":{"line":122,"column":32}},"loc":{"start":{"line":122,"column":80},"end":{"line":155,"column":1}}},"7":{"name":"(anonymous_8)","decl":{"start":{"line":161,"column":28},"end":{"line":161,"column":29}},"loc":{"start":{"line":161,"column":68},"end":{"line":165,"column":1}}}},"branchMap":{"0":{"loc":{"start":{"line":14,"column":0},"end":{"line":17,"column":1}},"type":"if","locations":[{"start":{"line":14,"column":0},"end":{"line":17,"column":1}},{"start":{},"end":{}}]},"1":{"loc":{"start":{"line":44,"column":4},"end":{"line":48,"column":5}},"type":"if","locations":[{"start":{"line":44,"column":4},"end":{"line":48,"column":5}},{"start":{"line":46,"column":11},"end":{"line":48,"column":5}}]},"2":{"loc":{"start":{"line":70,"column":12},"end":{"line":94,"column":13}},"type":"if","locations":[{"start":{"line":70,"column":12},"end":{"line":94,"column":13}},{"start":{},"end":{}}]},"3":{"loc":{"start":{"line":72,"column":16},"end":{"line":79,"column":17}},"type":"if","locations":[{"start":{"line":72,"column":16},"end":{"line":79,"column":17}},{"start":{},"end":{}}]},"4":{"loc":{"start":{"line":73,"column":20},"end":{"line":78,"column":21}},"type":"if","locations":[{"start":{"line":73,"column":20},"end":{"line":78,"column":21}},{"start":{},"end":{}}]},"5":{"loc":{"start":{"line":82,"column":16},"end":{"line":87,"column":17}},"type":"if","locations":[{"start":{"line":82,"column":16},"end":{"line":87,"column":17}},{"start":{},"end":{}}]},"6":{"loc":{"start":{"line":82,"column":20},"end":{"line":82,"column":63}},"type":"binary-expr","locations":[{"start":{"line":82,"column":20},"end":{"line":82,"column":31}},{"start":{"line":82,"column":35},"end":{"line":82,"column":63}}]},"7":{"loc":{"start":{"line":92,"column":29},"end":{"line":92,"column":63}},"type":"binary-expr","locations":[{"start":{"line":92,"column":29},"end":{"line":92,"column":40}},{"start":{"line":92,"column":44},"end":{"line":92,"column":63}}]},"8":{"loc":{"start":{"line":96,"column":12},"end":{"line":101,"column":13}},"type":"if","locations":[{"start":{"line":96,"column":12},"end":{"line":101,"column":13}},{"start":{},"end":{}}]},"9":{"loc":{"start":{"line":123,"column":4},"end":{"line":123,"column":32}},"type":"if","locations":[{"start":{"line":123,"column":4},"end":{"line":123,"column":32}},{"start":{},"end":{}}]},"10":{"loc":{"start":{"line":129,"column":8},"end":{"line":138,"column":9}},"type":"if","locations":[{"start":{"line":129,"column":8},"end":{"line":138,"column":9}},{"start":{"line":131,"column":15},"end":{"line":138,"column":9}}]},"11":{"loc":{"start":{"line":131,"column":15},"end":{"line":138,"column":9}},"type":"if","locations":[{"start":{"line":131,"column":15},"end":{"line":138,"column":9}},{"start":{"line":136,"column":15},"end":{"line":138,"column":9}}]},"12":{"loc":{"start":{"line":133,"column":12},"end":{"line":135,"column":13}},"type":"if","locations":[{"start":{"line":133,"column":12},"end":{"line":135,"column":13}},{"start":{},"end":{}}]},"13":{"loc":{"start":{"line":140,"column":8},"end":{"line":140,"column":36}},"type":"if","locations":[{"start":{"line":140,"column":8},"end":{"line":140,"column":36}},{"start":{},"end":{}}]},"14":{"loc":{"start":{"line":144,"column":8},"end":{"line":148,"column":9}},"type":"if","locations":[{"start":{"line":144,"column":8},"end":{"line":148,"column":9}},{"start":{},"end":{}}]},"15":{"loc":{"start":{"line":162,"column":4},"end":{"line":162,"column":54}},"type":"if","locations":[{"start":{"line":162,"column":4},"end":{"line":162,"column":54}},{"start":{},"end":{}}]},"16":{"loc":{"start":{"line":163,"column":4},"end":{"line":163,"column":54}},"type":"if","locations":[{"start":{"line":163,"column":4},"end":{"line":163,"column":54}},{"start":{},"end":{}}]}},"s":{"0":0,"1":0,"2":0,"3":0,"4":0,"5":0,"6":0,"7":0,"8":0,"9":0,"10":0,"11":0,"12":0,"13":0,"14":0,"15":0,"16":0,"17":0,"18":0,"19":0,"20":0,"21":0,"22":0,"23":0,"24":0,"25":0,"26":0,"27":0,"28":0,"29":0,"30":0,"31":0,"32":0,"33":0,"34":0,"35":0,"36":0,"37":0,"38":0,"39":0,"40":0,"41":0,"42":0,"43":0,"44":0,"45":0,"46":0,"47":0,"48":0,"49":0,"50":0,"51":0,"52":0,"53":0,"54":0,"55":0,"56":0,"57":0,"58":0,"59":0,"60":0,"61":0,"62":0,"63":0,"64":0},"f":{"0":0,"1":0,"2":0,"3":0,"4":0,"5":0,"6":0,"7":0},"b":{"0":[0,0],"1":[0,0],"2":[0,0],"3":[0,0],"4":[0,0],"5":[0,0],"6":[0,0],"7":[0,0],"8":[0,0],"9":[0,0],"10":[0,0],"11":[0,0],"12":[0,0],"13":[0,0],"14":[0,0],"15":[0,0],"16":[0,0]}}
,"E:\\project-code\\social_network\\social-network-backend\\src\\services\\upload.service.ts": {"path":"E:\\project-code\\social_network\\social-network-backend\\src\\services\\upload.service.ts","statementMap":{"0":{"start":{"line":1,"column":0},"end":{"line":1,"column":20}},"1":{"start":{"line":2,"column":0},"end":{"line":2,"column":24}},"2":{"start":{"line":3,"column":0},"end":{"line":3,"column":28}},"3":{"start":{"line":4,"column":0},"end":{"line":4,"column":36}},"4":{"start":{"line":6,"column":18},"end":{"line":6,"column":55}},"5":{"start":{"line":7,"column":0},"end":{"line":9,"column":1}},"6":{"start":{"line":8,"column":4},"end":{"line":8,"column":49}},"7":{"start":{"line":11,"column":16},"end":{"line":20,"column":2}},"8":{"start":{"line":13,"column":8},"end":{"line":13,"column":28}},"9":{"start":{"line":16,"column":20},"end":{"line":16,"column":51}},"10":{"start":{"line":17,"column":25},"end":{"line":17,"column":48}},"11":{"start":{"line":18,"column":8},"end":{"line":18,"column":27}},"12":{"start":{"line":22,"column":19},"end":{"line":29,"column":1}},"13":{"start":{"line":23,"column":25},"end":{"line":23,"column":79}},"14":{"start":{"line":24,"column":4},"end":{"line":28,"column":5}},"15":{"start":{"line":25,"column":8},"end":{"line":25,"column":23}},"16":{"start":{"line":27,"column":8},"end":{"line":27,"column":89}},"17":{"start":{"line":31,"column":13},"end":{"line":37,"column":3}},"18":{"start":{"line":40,"column":31},"end":{"line":72,"column":1}},"19":{"start":{"line":41,"column":4},"end":{"line":41,"column":33}},"20":{"start":{"line":41,"column":20},"end":{"line":41,"column":33}},"21":{"start":{"line":44,"column":34},"end":{"line":44,"column":38}},"22":{"start":{"line":46,"column":4},"end":{"line":56,"column":5}},"23":{"start":{"line":47,"column":8},"end":{"line":47,"column":54}},"24":{"start":{"line":48,"column":11},"end":{"line":56,"column":5}},"25":{"start":{"line":50,"column":22},"end":{"line":50,"column":50}},"26":{"start":{"line":51,"column":8},"end":{"line":53,"column":9}},"27":{"start":{"line":52,"column":12},"end":{"line":52,"column":32}},"28":{"start":{"line":55,"column":8},"end":{"line":55,"column":29}},"29":{"start":{"line":58,"column":4},"end":{"line":58,"column":32}},"30":{"start":{"line":58,"column":19},"end":{"line":58,"column":32}},"31":{"start":{"line":60,"column":21},"end":{"line":60,"column":51}},"32":{"start":{"line":61,"column":4},"end":{"line":70,"column":5}},"33":{"start":{"line":62,"column":8},"end":{"line":69,"column":9}},"34":{"start":{"line":63,"column":12},"end":{"line":63,"column":36}},"35":{"start":{"line":64,"column":12},"end":{"line":64,"column":58}},"36":{"start":{"line":65,"column":12},"end":{"line":65,"column":24}},"37":{"start":{"line":67,"column":12},"end":{"line":67,"column":66}},"38":{"start":{"line":68,"column":12},"end":{"line":68,"column":25}},"39":{"start":{"line":71,"column":4},"end":{"line":71,"column":17}},"40":{"start":{"line":40,"column":13},"end":{"line":40,"column":31}},"41":{"start":{"line":74,"column":27},"end":{"line":76,"column":1}},"42":{"start":{"line":75,"column":4},"end":{"line":75,"column":34}},"43":{"start":{"line":74,"column":13},"end":{"line":74,"column":27}}},"fnMap":{"0":{"name":"(anonymous_1)","decl":{"start":{"line":12,"column":17},"end":{"line":12,"column":18}},"loc":{"start":{"line":12,"column":35},"end":{"line":14,"column":5}}},"1":{"name":"(anonymous_2)","decl":{"start":{"line":15,"column":14},"end":{"line":15,"column":15}},"loc":{"start":{"line":15,"column":32},"end":{"line":19,"column":5}}},"2":{"name":"(anonymous_3)","decl":{"start":{"line":22,"column":19},"end":{"line":22,"column":20}},"loc":{"start":{"line":22,"column":52},"end":{"line":29,"column":1}}},"3":{"name":"(anonymous_4)","decl":{"start":{"line":40,"column":31},"end":{"line":40,"column":32}},"loc":{"start":{"line":40,"column":72},"end":{"line":72,"column":1}}},"4":{"name":"(anonymous_5)","decl":{"start":{"line":74,"column":27},"end":{"line":74,"column":28}},"loc":{"start":{"line":74,"column":48},"end":{"line":76,"column":1}}}},"branchMap":{"0":{"loc":{"start":{"line":7,"column":0},"end":{"line":9,"column":1}},"type":"if","locations":[{"start":{"line":7,"column":0},"end":{"line":9,"column":1}},{"start":{},"end":{}}]},"1":{"loc":{"start":{"line":24,"column":4},"end":{"line":28,"column":5}},"type":"if","locations":[{"start":{"line":24,"column":4},"end":{"line":28,"column":5}},{"start":{"line":26,"column":11},"end":{"line":28,"column":5}}]},"2":{"loc":{"start":{"line":41,"column":4},"end":{"line":41,"column":33}},"type":"if","locations":[{"start":{"line":41,"column":4},"end":{"line":41,"column":33}},{"start":{},"end":{}}]},"3":{"loc":{"start":{"line":46,"column":4},"end":{"line":56,"column":5}},"type":"if","locations":[{"start":{"line":46,"column":4},"end":{"line":56,"column":5}},{"start":{"line":48,"column":11},"end":{"line":56,"column":5}}]},"4":{"loc":{"start":{"line":48,"column":11},"end":{"line":56,"column":5}},"type":"if","locations":[{"start":{"line":48,"column":11},"end":{"line":56,"column":5}},{"start":{"line":54,"column":11},"end":{"line":56,"column":5}}]},"5":{"loc":{"start":{"line":51,"column":8},"end":{"line":53,"column":9}},"type":"if","locations":[{"start":{"line":51,"column":8},"end":{"line":53,"column":9}},{"start":{},"end":{}}]},"6":{"loc":{"start":{"line":58,"column":4},"end":{"line":58,"column":32}},"type":"if","locations":[{"start":{"line":58,"column":4},"end":{"line":58,"column":32}},{"start":{},"end":{}}]},"7":{"loc":{"start":{"line":61,"column":4},"end":{"line":70,"column":5}},"type":"if","locations":[{"start":{"line":61,"column":4},"end":{"line":70,"column":5}},{"start":{},"end":{}}]}},"s":{"0":0,"1":0,"2":0,"3":0,"4":0,"5":0,"6":0,"7":0,"8":0,"9":0,"10":0,"11":0,"12":0,"13":0,"14":0,"15":0,"16":0,"17":0,"18":0,"19":0,"20":0,"21":0,"22":0,"23":0,"24":0,"25":0,"26":0,"27":0,"28":0,"29":0,"30":0,"31":0,"32":0,"33":0,"34":0,"35":0,"36":0,"37":0,"38":0,"39":0,"40":0,"41":0,"42":0,"43":0},"f":{"0":0,"1":0,"2":0,"3":0,"4":0},"b":{"0":[0,0],"1":[0,0],"2":[0,0],"3":[0,0],"4":[0,0],"5":[0,0],"6":[0,0],"7":[0,0]}}
}
