TN:
SF:src\graphql\resolvers\user.resolver.ts
FN:7,(anonymous_0)
FN:48,(anonymous_1)
FNF:2
FNH:2
FNDA:2,(anonymous_0)
FNDA:2,(anonymous_1)
DA:1,1
DA:3,1
DA:5,1
DA:12,2
DA:13,2
DA:14,2
DA:21,1
DA:22,1
DA:38,1
DA:39,1
DA:53,2
DA:54,2
DA:55,1
DA:71,1
LF:14
LH:14
BRF:0
BRH:0
end_of_record
TN:
SF:src\modules\user\user.service.ts
FN:7,(anonymous_1)
FN:37,(anonymous_2)
FN:65,(anonymous_3)
FNF:3
FNH:3
FNDA:2,(anonymous_1)
FNDA:3,(anonymous_2)
FNDA:1,(anonymous_3)
DA:2,1
DA:3,1
DA:4,1
DA:6,1
DA:8,2
DA:11,2
DA:12,1
DA:15,1
DA:17,1
DA:21,1
DA:27,1
DA:34,1
DA:38,3
DA:40,3
DA:41,1
DA:44,2
DA:45,2
DA:46,1
DA:49,1
DA:55,1
DA:62,1
DA:66,1
DA:71,1
LF:23
LH:23
BRDA:11,0,0,1
BRDA:11,0,1,1
BRDA:23,1,0,1
BRDA:23,1,1,1
BRDA:40,2,0,1
BRDA:40,2,1,2
BRDA:45,3,0,1
BRDA:45,3,1,1
BRDA:51,4,0,1
BRDA:51,4,1,1
BRF:10
BRH:10
end_of_record
